#
# A fatal error has been detected by the Java Runtime Environment:
#
#  EXCEPTION_ACCESS_VIOLATION (0xc0000005) at pc=0x00007ffbf17150b5, pid=13268, tid=18584
#
# JRE version: OpenJDK Runtime Environment (23.0+37) (build 23+37-2369)
# Java VM: OpenJDK 64-Bit Server VM (23+37-2369, mixed mode, emulated-client, sharing, tiered, compressed oops, compressed class ptrs, g1 gc, windows-amd64)
# Problematic frame:
# V  [jvm.dll+0x5990d7]
#
# No core dump will be written. Minidumps are not enabled by default on client versions of Windows
#
# JFR recording file will be written. Location: C:\Users\Sedef haným\Desktop\project-management-system-main\hs_err_pid13268.jfr
#
# If you would like to submit a bug report, please visit:
#   https://bugreport.java.com/bugreport/crash.jsp
# The crash happened outside the Java Virtual Machine in native code.
# See problematic frame for where to report the bug.
#

---------------  S U M M A R Y ------------

Command Line: -XX:TieredStopAtLevel=1 -Dspring.output.ansi.enabled=always -Dcom.sun.management.jmxremote -Dspring.jmx.enabled=true -Dspring.liveBeansView.mbeanDomain -Dspring.application.admin.enabled=true -Dmanagement.endpoints.jmx.exposure.include=* -javaagent:C:\Program Files\JetBrains\IntelliJ IDEA 2024.2.3\lib\idea_rt.jar=54712:C:\Program Files\JetBrains\IntelliJ IDEA 2024.2.3\bin -Dfile.encoding=UTF-8 -Dsun.stdout.encoding=UTF-8 -Dsun.stderr.encoding=UTF-8 management.sedef.SedefApplication

Host: 11th Gen Intel(R) Core(TM) i7-11800H @ 2.30GHz, 16 cores, 15G,  Windows 10 , 64 bit Build 19041 (10.0.19041.5198)
Time: Sat Jan 18 20:18:51 2025 Türkiye Standart Saati elapsed time: 30.938662 seconds (0d 0h 0m 30s)

---------------  T H R E A D  ---------------

Current thread (0x000002977a856080):  JavaThread "RMI TCP Connection(idle)" daemon [_thread_in_native, id=18584, stack(0x000000e442000000,0x000000e442100000) (1024K)]

Stack: [0x000000e442000000,0x000000e442100000],  sp=0x000000e4420fedc0,  free space=1019k
Native frames: (J=compiled Java code, j=interpreted, Vv=VM code, C=native code)
C  0x00007ffbf17150b5  (no source info available)

Java frames: (J=compiled Java code, j=interpreted, Vv=VM code)
j  java.util.concurrent.SynchronousQueue$Transferer.xferLifo(Ljava/lang/Object;J)Ljava/lang/Object;+165 java.base@23
j  java.util.concurrent.SynchronousQueue.xfer(Ljava/lang/Object;J)Ljava/lang/Object;+27 java.base@23
j  java.util.concurrent.SynchronousQueue.poll(JLjava/util/concurrent/TimeUnit;)Ljava/lang/Object;+15 java.base@23
j  java.util.concurrent.ThreadPoolExecutor.getTask()Ljava/lang/Runnable;+132 java.base@23
j  java.util.concurrent.ThreadPoolExecutor.runWorker(Ljava/util/concurrent/ThreadPoolExecutor$Worker;)V+26 java.base@23
j  java.util.concurrent.ThreadPoolExecutor$Worker.run()V+5 java.base@23
j  java.lang.Thread.runWith(Ljava/lang/Object;Ljava/lang/Runnable;)V+5 java.base@23
j  java.lang.Thread.run()V+19 java.base@23
v  ~StubRoutines::call_stub 0x0000029728ce0fcd

siginfo: EXCEPTION_ACCESS_VIOLATION (0xc0000005), data execution prevention violation at address 0x00007ffbf17150b5


Registers:
RAX=0x00007ffbf17150b5, RBX=0x000002977ab7d5a8, RCX=0x000002977d65eba0, RDX=0x000002977a856440
RSP=0x000000e4420fedb8, RBP=0x0000000000000000, RSI=0x00000297343d5b30, RDI=0x000002977a856080
R8 =0x000002977ab7d5a0, R9 =0x000002977ab7d5a8, R10=0x0000000000000008, R11=0x000000e4420feea8
R12=0x000002977a856658, R13=0x000002977ab7d5a0, R14=0x00000297360e9390, R15=0x000002977aa89330
RIP=0x00007ffbf17150b5, EFLAGS=0x0000000000010202


Register to memory mapping:

RAX=0x00007ffbf17150b5 is an unknown value
RBX=0x000002977ab7d5a8 points into unknown readable memory: 0x0000000704bf2b98 | 98 2b bf 04 07 00 00 00
RCX=0x000002977d65eba0 points into unknown readable memory: 0x00007ffbc8a9e8d0 | d0 e8 a9 c8 fb 7f 00 00
RDX=0x000002977a856440 points into unknown readable memory: 0x00007ffbc8a95e00 | 00 5e a9 c8 fb 7f 00 00
RSP=0x000000e4420fedb8 is pointing into the stack for thread: 0x000002977a856080
RBP=0x0 is null
RSI=0x00000297343d5b30 points into unknown readable memory: 0x000002977d816aa0 | a0 6a 81 7d 97 02 00 00
RDI=0x000002977a856080 is a thread
R8 =0x000002977ab7d5a0 points into unknown readable memory: 0x0000000704a05070 | 70 50 a0 04 07 00 00 00
R9 =0x000002977ab7d5a8 points into unknown readable memory: 0x0000000704bf2b98 | 98 2b bf 04 07 00 00 00
R10=0x0000000000000008 is an unknown value
R11=0x000000e4420feea8 is pointing into the stack for thread: 0x000002977a856080
R12=0x000002977a856658 points into unknown readable memory: 0x000002977d816aa0 | a0 6a 81 7d 97 02 00 00
R13=0x000002977ab7d5a0 points into unknown readable memory: 0x0000000704a05070 | 70 50 a0 04 07 00 00 00
R14=0x00000297360e9390 is a pointer to class: 
java.util.concurrent.LinkedTransferQueue$DualNode {0x00000297360e9398}
 - instance size:     4
 - klass size:        70
 - access:            final synchronized 
 - flags:             rewritten has_nonstatic_fields has_localvariable_table has_final_method 
 - state:             linked
 - name:              'java/util/concurrent/LinkedTransferQueue$DualNode'
 - super:             'java/lang/Object'
 - sub:               
 - arrays:            null
 - methods:           Array<T>(0x000002977654c8f8)
 - method ordering:   Array<T>(0x00000297356e0b90)
 - local interfaces:  Array<T>(0x000002977654c8e8)
 - trans. interfaces: Array<T>(0x000002977654c8e8)
 - secondary supers: Array<T>(0x000002977654c8e8)
 - hash_slot:         14
 - bitmap:            0x0000000000000080
 - constants:         constant pool [207] {0x000002977654c198} for 'java/util/concurrent/LinkedTransferQueue$DualNode' cache=0x00000297094d6080
 - class loader data:  loader data: 0x0000029734233b30 of 'bootstrap'
 - source file:       'LinkedTransferQueue.java'
 - class annotations:       Array<T>(0x0000000000000000)
 - class type annotations:  Array<T>(0x0000000000000000)
 - field annotations:       Array<T>(0x0000000000000000)
 - field type annotations:  Array<T>(0x0000000000000000)
 - inner classes:     Array<T>(0x000002977654d400)
 - nest members:     Array<T>(0x0000029735665d48)
 - permitted subclasses:     Array<T>(0x0000029735665d48)
 - java mirror:       a 'java/lang/Class'{0x0000000704bf2b98} = 'java/util/concurrent/LinkedTransferQueue$DualNode'
 - vtable length      5  (start addr: 0x00000297360e9560)
 - itable length      6 (start addr: 0x00000297360e9588)
 - ---- static fields (4 words):
 - private static final 'SPINS' 'I' @128 
 - private static final 'SPIN_FOR_TIMEOUT_THRESHOLD' 'J' @120 
 - private static 'isUniprocessor' 'Z' @136 
 - private static final 'UNIPROCESSOR_REFRESH_RATE' 'I' @132 
 - static final 'ITEM' 'Ljava/lang/invoke/VarHandle;' @112 
 - static final 'NEXT' 'Ljava/lang/invoke/VarHandle;' @116 
 - ---- non-static fields (4 words):
 - final 'isData' 'Z' @12 
 - volatile 'item' 'Ljava/lang/Object;' @16 
 - 'next' 'Ljava/util/concurrent/LinkedTransferQueue$DualNode;' @20 
 - 'waiter' 'Ljava/lang/Thread;' @24 
 - non-static oop maps: 16-24 
R15=0x000002977aa89330 points into unknown readable memory: 0x8000001800000001 | 01 00 00 00 18 00 00 80

Top of Stack: (sp=0x000000e4420fedb8)
0x000000e4420fedb8:   00007ffbc84490d7 000002977ab7d5a8
0x000000e4420fedc8:   0000000000000000 00000297343d5b30
0x000000e4420fedd8:   0000029734da5e00 00000297355e4830
0x000000e4420fede8:   000002977d65eba0 00000297354a6470
0x000000e4420fedf8:   0000000000000001 00000297360e9390
0x000000e4420fee08:   00007ffbc813f392 0000a557b85b7724
0x000000e4420fee18:   000002977654c8f8 000002977a95b010
0x000000e4420fee28:   0000029734da5e00 0000029734da5e10
0x000000e4420fee38:   0000029734da61e8 00000000000003d8
0x000000e4420fee48:   000002977a856080 000002977a856080
0x000000e4420fee58:   000002977a95b050 000002977a94db80
0x000000e4420fee68:   000002977a94dba0 000002977a94dc68
0x000000e4420fee78:   00000000000000d8 000000e4420fee90
0x000000e4420fee88:   00007ffbc855e0e3 000002977a856080
0x000000e4420fee98:   000002977a95b050 000002977a94db80
0x000000e4420feea8:   000002977a94dba0 000002977a94dc68
0x000000e4420feeb8:   00000000000000d8 000000e4420feff0
0x000000e4420feec8:   00000297360e9390 000002977654c8f8
0x000000e4420feed8:   000002977654499d 0000000000000001
0x000000e4420feee8:   000002977a856080 000000e4420ff010
0x000000e4420feef8:   00000297360e9390 00000297360e9452
0x000000e4420fef08:   00007ffbc82710e6 00007ffbc8b23990
0x000000e4420fef18:   00000297360e9390 000002977aa89330
0x000000e4420fef28:   000002977aa892e0 000002973546d140
0x000000e4420fef38:   00007ffbc8194086 000002977a856080
0x000000e4420fef48:   000002977653f7f8 000002977654ca90
0x000000e4420fef58:   000002977a856080 00000297360e9390
0x000000e4420fef68:   00000005000001d0 0000000000000000
0x000000e4420fef78:   00000000126fd590 000000e4420ff001
0x000000e4420fef88:   000002971e1d49e0 000002971e1d4fe0
0x000000e4420fef98:   000002971e1d4c60 000002977a994374
0x000000e4420fefa8:   000002977a994388 ffffffff00000001 

Instructions: (pc=0x00007ffbc84490d7)
0x00007ffbc8448fd7:   00 4d 8b c6 e8 00 7c fe ff 48 8b 4c 24 20 48 83
0x00007ffbc8448fe7:   7d 00 00 74 13 48 8b d1 48 8b cb e8 f9 34 b2 ff
0x00007ffbc8448ff7:   48 8b cd e8 d1 34 b2 ff 4c 39 7b 18 74 0c 48 89
0x00007ffbc8449007:   6b 10 4c 89 7b 18 4c 89 6b 20 49 8b 04 24 33 ed
0x00007ffbc8449017:   48 85 c0 74 03 8b 68 2c 48 8b cf e8 e9 4b e5 ff
0x00007ffbc8449027:   48 8d 8f a0 03 00 00 e8 fd c5 d7 ff 48 8b cf e8
0x00007ffbc8449037:   05 58 e5 ff 45 33 c0 48 8b d0 48 8b cf e8 37 80
0x00007ffbc8449047:   ed ff 48 8b 8c 24 58 01 00 00 4c 8b e8 48 85 c9
0x00007ffbc8449057:   75 04 33 db eb 24 48 8b 49 70 48 85 c9 75 04 33
0x00007ffbc8449067:   c0 eb 06 ff 15 b0 0f 64 00 45 33 c0 48 8b d0 48
0x00007ffbc8449077:   8b cf e8 02 80 ed ff 48 8b d8 48 8d 4c 24 60 e8
0x00007ffbc8449087:   f5 ed b1 ff 48 8d 8f a0 03 00 00 48 89 bc 24 88
0x00007ffbc8449097:   00 00 00 e8 91 c5 d7 ff 90 48 8d 8c 24 90 00 00
0x00007ffbc84490a7:   00 48 8b d7 c7 87 44 04 00 00 04 00 00 00 e8 d6
0x00007ffbc84490b7:   a3 e0 ff 48 8b 4c 24 28 48 8b 41 58 48 85 c0 74
0x00007ffbc84490c7:   0f 4c 8b cb 48 8d 97 c0 03 00 00 4d 8b c5 ff d0
0x00007ffbc84490d7:   48 8d 4c 24 60 e8 bf d7 ff ff 48 8b cf e8 47 3c
0x00007ffbc84490e7:   e5 ff 49 8b 04 24 4c 8b b4 24 58 01 00 00 4c 8b
0x00007ffbc84490f7:   bc 24 60 01 00 00 48 8b 9c 24 68 01 00 00 48 85
0x00007ffbc8449107:   c0 74 03 89 68 2c 48 8b 76 10 48 85 f6 0f 85 e6
0x00007ffbc8449117:   fd ff ff 4c 8b ac 24 18 01 00 00 41 80 3f 00 4c
0x00007ffbc8449127:   8b bc 24 10 01 00 00 48 8b b4 24 28 01 00 00 75
0x00007ffbc8449137:   05 e8 9b 3a 38 00 48 8b 0b 48 8b 9c 24 50 01 00
0x00007ffbc8449147:   00 8b 81 4c 03 00 00 ff c8 89 81 4c 03 00 00 48
0x00007ffbc8449157:   8d 8c 24 d0 00 00 00 e8 cd a1 e0 ff 4c 8b a4 24
0x00007ffbc8449167:   20 01 00 00 48 8b ac 24 30 01 00 00 48 81 c4 38
0x00007ffbc8449177:   01 00 00 41 5e 5f c3 cc cc 40 55 48 83 ec 50 83
0x00007ffbc8449187:   3d 63 71 65 00 02 48 8b e9 0f 8c c0 00 00 00 65
0x00007ffbc8449197:   48 8b 04 25 58 00 00 00 8b 15 cf 9e 70 00 48 89
0x00007ffbc84491a7:   5c 24 60 48 89 74 24 68 48 89 7c 24 70 48 8b 1c
0x00007ffbc84491b7:   d0 b8 70 00 00 00 4c 89 74 24 48 4c 89 7c 24 40
0x00007ffbc84491c7:   80 3c 18 00 75 05 e8 06 3a 38 00 48 8b 4d 18 b8 


Stack slot to memory mapping:

stack at sp + 0 slots: 0x000002977ab7d5a8 points into unknown readable memory: 0x0000000704bf2b98 | 98 2b bf 04 07 00 00 00
stack at sp + 1 slots: 0x0 is null
stack at sp + 2 slots: 0x00000297343d5b30 points into unknown readable memory: 0x000002977d816aa0 | a0 6a 81 7d 97 02 00 00
stack at sp + 3 slots: 0x0000029734da5e00 points into unknown readable memory: 0x0000000000000000 | 00 00 00 00 00 00 00 00
stack at sp + 4 slots: 0x00000297355e4830 is pointing into metadata
stack at sp + 5 slots: 0x000002977d65eba0 points into unknown readable memory: 0x00007ffbc8a9e8d0 | d0 e8 a9 c8 fb 7f 00 00
stack at sp + 6 slots: 0x00000297354a6470 is pointing into metadata
stack at sp + 7 slots: 0x0000000000000001 is an unknown value

Lock stack of current Java thread (top to bottom):
LockStack[0]: [I 
{0x0000000704be1548} - klass: {type array int}
 - length: 0


---------------  P R O C E S S  ---------------

Threads class SMR info:
_java_thread_list=0x000002977d852350, length=37, elements={
0x000002973438cde0, 0x000002973438dd00, 0x0000029734390a30, 0x0000029734392e20,
0x00000297343942a0, 0x0000029734395110, 0x0000029734395b70, 0x0000029734492e40,
0x0000029734b22f10, 0x0000029734b34be0, 0x0000029734f2e1e0, 0x0000029734f72ad0,
0x0000029734fb8ac0, 0x000002977a4526a0, 0x000002977a856080, 0x000002977a857430,
0x000002977a858150, 0x000002977b801840, 0x000002977b802bf0, 0x000002977b801ed0,
0x000002977d64e810, 0x000002977d649950, 0x000002977d64ad00, 0x000002977d64eea0,
0x000002977d64e180, 0x000002977d64cdd0, 0x000002977d649fe0, 0x000002977d64a670,
0x000002977d647f10, 0x000002977d64b390, 0x000002977d64c740, 0x000002977d64ba20,
0x000002977d64c0b0, 0x000002977d64f530, 0x000002977d64d460, 0x000002977a855360,
0x000002970dbdb7a0
}

Java Threads: ( => current thread )
  0x000002973438cde0 JavaThread "Reference Handler"          daemon [_thread_blocked, id=17116, stack(0x000000e43fb00000,0x000000e43fc00000) (1024K)]
  0x000002973438dd00 JavaThread "Finalizer"                  daemon [_thread_blocked, id=24356, stack(0x000000e43fc00000,0x000000e43fd00000) (1024K)]
  0x0000029734390a30 JavaThread "Signal Dispatcher"          daemon [_thread_blocked, id=14676, stack(0x000000e43fd00000,0x000000e43fe00000) (1024K)]
  0x0000029734392e20 JavaThread "Attach Listener"            daemon [_thread_blocked, id=23020, stack(0x000000e43fe00000,0x000000e43ff00000) (1024K)]
  0x00000297343942a0 JavaThread "Service Thread"             daemon [_thread_blocked, id=10256, stack(0x000000e43ff00000,0x000000e440000000) (1024K)]
  0x0000029734395110 JavaThread "Monitor Deflation Thread"   daemon [_thread_blocked, id=23040, stack(0x000000e440000000,0x000000e440100000) (1024K)]
  0x0000029734395b70 JavaThread "C1 CompilerThread0"         daemon [_thread_blocked, id=20836, stack(0x000000e440100000,0x000000e440200000) (1024K)]
  0x0000029734492e40 JavaThread "Common-Cleaner"             daemon [_thread_blocked, id=24492, stack(0x000000e440200000,0x000000e440300000) (1024K)]
  0x0000029734b22f10 JavaThread "Monitor Ctrl-Break"         daemon [_thread_in_native, id=11876, stack(0x000000e440700000,0x000000e440800000) (1024K)]
  0x0000029734b34be0 JavaThread "Notification Thread"        daemon [_thread_blocked, id=17272, stack(0x000000e440800000,0x000000e440900000) (1024K)]
  0x0000029734f2e1e0 JavaThread "RMI TCP Accept-0"           daemon [_thread_in_native, id=23996, stack(0x000000e441800000,0x000000e441900000) (1024K)]
  0x0000029734f72ad0 JavaThread "RMI TCP Connection(idle)"   daemon [_thread_blocked, id=21264, stack(0x000000e441900000,0x000000e441a00000) (1024K)]
  0x0000029734fb8ac0 JavaThread "RMI Scheduler(0)"           daemon [_thread_blocked, id=13408, stack(0x000000e441a00000,0x000000e441b00000) (1024K)]
  0x000002977a4526a0 JavaThread "JMX server connection timeout 45" daemon [_thread_blocked, id=8764, stack(0x000000e441b00000,0x000000e441c00000) (1024K)]
=>0x000002977a856080 JavaThread "RMI TCP Connection(idle)"   daemon [_thread_in_native, id=18584, stack(0x000000e442000000,0x000000e442100000) (1024K)]
  0x000002977a857430 JavaThread "Catalina-utility-1"                [_thread_blocked, id=15628, stack(0x000000e442200000,0x000000e442300000) (1024K)]
  0x000002977a858150 JavaThread "Catalina-utility-2"                [_thread_blocked, id=14920, stack(0x000000e442500000,0x000000e442600000) (1024K)]
  0x000002977b801840 JavaThread "container-0"                       [_thread_blocked, id=12228, stack(0x000000e442600000,0x000000e442700000) (1024K)]
  0x000002977b802bf0 JavaThread "mysql-cj-abandoned-connection-cleanup" daemon [_thread_blocked, id=8980, stack(0x000000e442700000,0x000000e442800000) (1024K)]
  0x000002977b801ed0 JavaThread "HikariPool-1 housekeeper"   daemon [_thread_blocked, id=20084, stack(0x000000e442900000,0x000000e442a00000) (1024K)]
  0x000002977d64e810 JavaThread "File Watcher"               daemon [_thread_blocked, id=10788, stack(0x000000e442b00000,0x000000e442c00000) (1024K)]
  0x000002977d649950 JavaThread "Live Reload Server"         daemon [_thread_in_native, id=7384, stack(0x000000e442d00000,0x000000e442e00000) (1024K)]
  0x000002977d64ad00 JavaThread "http-nio-8085-exec-1"       daemon [_thread_blocked, id=11964, stack(0x000000e442c00000,0x000000e442d00000) (1024K)]
  0x000002977d64eea0 JavaThread "http-nio-8085-exec-2"       daemon [_thread_blocked, id=17140, stack(0x000000e442e00000,0x000000e442f00000) (1024K)]
  0x000002977d64e180 JavaThread "http-nio-8085-exec-3"       daemon [_thread_blocked, id=22812, stack(0x000000e442f00000,0x000000e443000000) (1024K)]
  0x000002977d64cdd0 JavaThread "http-nio-8085-exec-4"       daemon [_thread_blocked, id=21520, stack(0x000000e443000000,0x000000e443100000) (1024K)]
  0x000002977d649fe0 JavaThread "http-nio-8085-exec-5"       daemon [_thread_blocked, id=10768, stack(0x000000e443100000,0x000000e443200000) (1024K)]
  0x000002977d64a670 JavaThread "http-nio-8085-exec-6"       daemon [_thread_blocked, id=6752, stack(0x000000e443200000,0x000000e443300000) (1024K)]
  0x000002977d647f10 JavaThread "http-nio-8085-exec-7"       daemon [_thread_blocked, id=16068, stack(0x000000e443300000,0x000000e443400000) (1024K)]
  0x000002977d64b390 JavaThread "http-nio-8085-exec-8"       daemon [_thread_blocked, id=22588, stack(0x000000e443400000,0x000000e443500000) (1024K)]
  0x000002977d64c740 JavaThread "http-nio-8085-exec-9"       daemon [_thread_blocked, id=2548, stack(0x000000e443500000,0x000000e443600000) (1024K)]
  0x000002977d64ba20 JavaThread "http-nio-8085-exec-10"      daemon [_thread_blocked, id=6232, stack(0x000000e443600000,0x000000e443700000) (1024K)]
  0x000002977d64c0b0 JavaThread "http-nio-8085-Poller"       daemon [_thread_in_native, id=9528, stack(0x000000e443700000,0x000000e443800000) (1024K)]
  0x000002977d64f530 JavaThread "http-nio-8085-Acceptor"     daemon [_thread_in_native, id=18452, stack(0x000000e443800000,0x000000e443900000) (1024K)]
  0x000002977d64d460 JavaThread "DestroyJavaVM"                     [_thread_blocked, id=13552, stack(0x000000e43f300000,0x000000e43f400000) (1024K)]
  0x000002977a855360 JavaThread "JFR Recorder Thread"        daemon [_thread_in_native, id=19572, stack(0x000000e440600000,0x000000e440700000) (1024K)]
  0x000002970dbdb7a0 JavaThread "JFR Periodic Tasks"         daemon [_thread_blocked, id=13104, stack(0x000000e440900000,0x000000e440a00000) (1024K)]
Total: 37

Other Threads:
  0x0000029734374b40 VMThread "VM Thread"                           [id=19424, stack(0x000000e43fa00000,0x000000e43fb00000) (1024K)]
  0x00000297343654f0 WatcherThread "VM Periodic Task Thread"        [id=11496, stack(0x000000e43f900000,0x000000e43fa00000) (1024K)]
  0x000002972061ac90 WorkerThread "GC Thread#0"                     [id=20060, stack(0x000000e43f400000,0x000000e43f500000) (1024K)]
  0x0000029734d90ed0 WorkerThread "GC Thread#1"                     [id=6104, stack(0x000000e440d00000,0x000000e440e00000) (1024K)]
  0x0000029734d91280 WorkerThread "GC Thread#2"                     [id=15356, stack(0x000000e440e00000,0x000000e440f00000) (1024K)]
  0x0000029734d91630 WorkerThread "GC Thread#3"                     [id=9868, stack(0x000000e440f00000,0x000000e441000000) (1024K)]
  0x0000029734d95e00 WorkerThread "GC Thread#4"                     [id=12580, stack(0x000000e441000000,0x000000e441100000) (1024K)]
  0x0000029734d961b0 WorkerThread "GC Thread#5"                     [id=17996, stack(0x000000e441100000,0x000000e441200000) (1024K)]
  0x0000029734ddb9e0 WorkerThread "GC Thread#6"                     [id=24132, stack(0x000000e441200000,0x000000e441300000) (1024K)]
  0x0000029734ddbd90 WorkerThread "GC Thread#7"                     [id=20620, stack(0x000000e441300000,0x000000e441400000) (1024K)]
  0x0000029734ddc140 WorkerThread "GC Thread#8"                     [id=13676, stack(0x000000e441400000,0x000000e441500000) (1024K)]
  0x0000029734ddcd10 WorkerThread "GC Thread#9"                     [id=12404, stack(0x000000e441500000,0x000000e441600000) (1024K)]
  0x0000029734f316a0 WorkerThread "GC Thread#10"                    [id=8680, stack(0x000000e441c00000,0x000000e441d00000) (1024K)]
  0x000002977a95fba0 WorkerThread "GC Thread#11"                    [id=2208, stack(0x000000e441d00000,0x000000e441e00000) (1024K)]
  0x000002977a95d6c0 WorkerThread "GC Thread#12"                    [id=19972, stack(0x000000e442100000,0x000000e442200000) (1024K)]
  0x000002972062f6f0 ConcurrentGCThread "G1 Main Marker"            [id=10580, stack(0x000000e43f500000,0x000000e43f600000) (1024K)]
  0x0000029720631d30 WorkerThread "G1 Conc#0"                       [id=13900, stack(0x000000e43f600000,0x000000e43f700000) (1024K)]
  0x0000029734dc0f10 WorkerThread "G1 Conc#1"                       [id=2948, stack(0x000000e441600000,0x000000e441700000) (1024K)]
  0x0000029734dc12c0 WorkerThread "G1 Conc#2"                       [id=23904, stack(0x000000e441700000,0x000000e441800000) (1024K)]
  0x0000029734238f60 ConcurrentGCThread "G1 Refine#0"               [id=6188, stack(0x000000e43f700000,0x000000e43f800000) (1024K)]
  0x00000297342399f0 ConcurrentGCThread "G1 Service"                [id=18988, stack(0x000000e43f800000,0x000000e43f900000) (1024K)]
Total: 21

Threads with active compile tasks:
Total: 0

VM state: not at safepoint (normal execution)

VM Mutex/Monitor currently owned by a thread: None

Heap address: 0x0000000704000000, size: 4032 MB, Compressed Oops mode: Zero based, Oop shift amount: 3

CDS archive(s) mapped at: [0x0000029735000000-0x0000029735d70000-0x0000029735d70000), size 14090240, SharedBaseAddress: 0x0000029735000000, ArchiveRelocationMode: 1.
Compressed class space mapped at: 0x0000029736000000-0x0000029776000000, reserved size: 1073741824
Narrow klass base: 0x0000029735000000, Narrow klass shift: 0, Narrow klass range: 0x41000000

GC Precious Log:
 CardTable entry size: 512
 Card Set container configuration: InlinePtr #cards 4 size 8 Array Of Cards #cards 16 size 48 Howl #buckets 8 coarsen threshold 3686 Howl Bitmap #cards 512 size 80 coarsen threshold 460 Card regions per heap region 1 cards per card region 4096
 CPUs: 16 total, 16 available
 Memory: 16124M
 Large Page Support: Disabled
 NUMA Support: Disabled
 Compressed Oops: Enabled (Zero based)
 Heap Region Size: 2M
 Heap Min Capacity: 8M
 Heap Initial Capacity: 252M
 Heap Max Capacity: 4032M
 Pre-touch: Disabled
 Parallel Workers: 13
 Concurrent Workers: 3
 Concurrent Refinement Workers: 13
 Periodic GC: Disabled

Heap:
 garbage-first heap   total reserved 4128768K, committed 116736K, used 68188K [0x0000000704000000, 0x0000000800000000)
  region size 2048K, 14 young (28672K), 4 survivors (8192K)
 Metaspace       used 82229K, committed 83136K, reserved 1179648K
  class space    used 12230K, committed 12608K, reserved 1048576K

Heap Regions: E=young(eden), S=young(survivor), O=old, HS=humongous(starts), HC=humongous(continues), CS=collection set, F=free, TAMS=top-at-mark-start, PB=parsable bottom
|   0|0x0000000704000000, 0x0000000704200000, 0x0000000704200000|100%| O|  |TAMS 0x0000000704000000| PB 0x0000000704000000| Untracked |  0
|   1|0x0000000704200000, 0x0000000704400000, 0x0000000704400000|100%| O|  |TAMS 0x0000000704200000| PB 0x0000000704200000| Untracked |  0
|   2|0x0000000704400000, 0x0000000704600000, 0x0000000704600000|100%| O|  |TAMS 0x0000000704400000| PB 0x0000000704400000| Untracked |  0
|   3|0x0000000704600000, 0x0000000704800000, 0x0000000704800000|100%| O|  |TAMS 0x0000000704600000| PB 0x0000000704600000| Untracked |  0
|   4|0x0000000704800000, 0x0000000704a00000, 0x0000000704a00000|100%| O|  |TAMS 0x0000000704800000| PB 0x0000000704800000| Untracked |  0
|   5|0x0000000704a00000, 0x0000000704c00000, 0x0000000704c00000|100%| O|  |TAMS 0x0000000704a00000| PB 0x0000000704a00000| Untracked |  0
|   6|0x0000000704c00000, 0x0000000704e00000, 0x0000000704e00000|100%| O|  |TAMS 0x0000000704c00000| PB 0x0000000704c00000| Untracked |  0
|   7|0x0000000704e00000, 0x0000000705000000, 0x0000000705000000|100%| O|  |TAMS 0x0000000704e00000| PB 0x0000000704e00000| Untracked |  0
|   8|0x0000000705000000, 0x0000000705200000, 0x0000000705200000|100%| O|  |TAMS 0x0000000705000000| PB 0x0000000705000000| Untracked |  0
|   9|0x0000000705200000, 0x0000000705400000, 0x0000000705400000|100%| O|  |TAMS 0x0000000705200000| PB 0x0000000705200000| Untracked |  0
|  10|0x0000000705400000, 0x0000000705600000, 0x0000000705600000|100%| O|  |TAMS 0x0000000705400000| PB 0x0000000705400000| Untracked |  0
|  11|0x0000000705600000, 0x0000000705800000, 0x0000000705800000|100%| O|Cm|TAMS 0x0000000705600000| PB 0x0000000705600000| Complete |  0
|  12|0x0000000705800000, 0x0000000705a00000, 0x0000000705a00000|100%| O|  |TAMS 0x0000000705800000| PB 0x0000000705800000| Untracked |  0
|  13|0x0000000705a00000, 0x0000000705c00000, 0x0000000705c00000|100%| O|  |TAMS 0x0000000705a00000| PB 0x0000000705a00000| Untracked |  0
|  14|0x0000000705c00000, 0x0000000705e00000, 0x0000000705e00000|100%| O|  |TAMS 0x0000000705c00000| PB 0x0000000705c00000| Untracked |  0
|  15|0x0000000705e00000, 0x0000000706000000, 0x0000000706000000|100%| O|  |TAMS 0x0000000705e00000| PB 0x0000000705e00000| Untracked |  0
|  16|0x0000000706000000, 0x0000000706200000, 0x0000000706200000|100%| O|  |TAMS 0x0000000706000000| PB 0x0000000706000000| Untracked |  0
|  17|0x0000000706200000, 0x0000000706400000, 0x0000000706400000|100%| O|  |TAMS 0x0000000706200000| PB 0x0000000706200000| Untracked |  0
|  18|0x0000000706400000, 0x0000000706600000, 0x0000000706600000|100%| O|  |TAMS 0x0000000706400000| PB 0x0000000706400000| Untracked |  0
|  19|0x0000000706600000, 0x0000000706800000, 0x0000000706800000|100%| O|  |TAMS 0x0000000706600000| PB 0x0000000706600000| Untracked |  0
|  20|0x0000000706800000, 0x0000000706951b20, 0x0000000706a00000| 65%| O|  |TAMS 0x0000000706800000| PB 0x0000000706800000| Untracked |  0
|  21|0x0000000706a00000, 0x0000000706a00000, 0x0000000706c00000|  0%| F|  |TAMS 0x0000000706a00000| PB 0x0000000706a00000| Untracked |  0
|  22|0x0000000706c00000, 0x0000000706c00000, 0x0000000706e00000|  0%| F|  |TAMS 0x0000000706c00000| PB 0x0000000706c00000| Untracked |  0
|  23|0x0000000706e00000, 0x0000000706e00000, 0x0000000707000000|  0%| F|  |TAMS 0x0000000706e00000| PB 0x0000000706e00000| Untracked |  0
|  24|0x0000000707000000, 0x0000000707145870, 0x0000000707200000| 63%| S|CS|TAMS 0x0000000707000000| PB 0x0000000707000000| Complete |  0
|  25|0x0000000707200000, 0x0000000707200000, 0x0000000707400000|  0%| F|  |TAMS 0x0000000707200000| PB 0x0000000707200000| Untracked |  0
|  26|0x0000000707400000, 0x0000000707600000, 0x0000000707600000|100%| S|CS|TAMS 0x0000000707400000| PB 0x0000000707400000| Complete |  0
|  27|0x0000000707600000, 0x0000000707600000, 0x0000000707800000|  0%| F|  |TAMS 0x0000000707600000| PB 0x0000000707600000| Untracked |  0
|  28|0x0000000707800000, 0x0000000707800000, 0x0000000707a00000|  0%| F|  |TAMS 0x0000000707800000| PB 0x0000000707800000| Untracked |  0
|  29|0x0000000707a00000, 0x0000000707a00000, 0x0000000707c00000|  0%| F|  |TAMS 0x0000000707a00000| PB 0x0000000707a00000| Untracked |  0
|  30|0x0000000707c00000, 0x0000000707e00000, 0x0000000707e00000|100%| S|CS|TAMS 0x0000000707c00000| PB 0x0000000707c00000| Complete |  0
|  31|0x0000000707e00000, 0x0000000708000000, 0x0000000708000000|100%| S|CS|TAMS 0x0000000707e00000| PB 0x0000000707e00000| Complete |  0
|  32|0x0000000708000000, 0x0000000708000000, 0x0000000708200000|  0%| F|  |TAMS 0x0000000708000000| PB 0x0000000708000000| Untracked |  0
|  33|0x0000000708200000, 0x0000000708200000, 0x0000000708400000|  0%| F|  |TAMS 0x0000000708200000| PB 0x0000000708200000| Untracked |  0
|  34|0x0000000708400000, 0x0000000708400000, 0x0000000708600000|  0%| F|  |TAMS 0x0000000708400000| PB 0x0000000708400000| Untracked |  0
|  35|0x0000000708600000, 0x0000000708600000, 0x0000000708800000|  0%| F|  |TAMS 0x0000000708600000| PB 0x0000000708600000| Untracked |  0
|  36|0x0000000708800000, 0x0000000708800000, 0x0000000708a00000|  0%| F|  |TAMS 0x0000000708800000| PB 0x0000000708800000| Untracked |  0
|  37|0x0000000708a00000, 0x0000000708a00000, 0x0000000708c00000|  0%| F|  |TAMS 0x0000000708a00000| PB 0x0000000708a00000| Untracked |  0
|  38|0x0000000708c00000, 0x0000000708c00000, 0x0000000708e00000|  0%| F|  |TAMS 0x0000000708c00000| PB 0x0000000708c00000| Untracked |  0
|  39|0x0000000708e00000, 0x0000000708e00000, 0x0000000709000000|  0%| F|  |TAMS 0x0000000708e00000| PB 0x0000000708e00000| Untracked |  0
|  40|0x0000000709000000, 0x0000000709000000, 0x0000000709200000|  0%| F|  |TAMS 0x0000000709000000| PB 0x0000000709000000| Untracked |  0
|  41|0x0000000709200000, 0x0000000709200000, 0x0000000709400000|  0%| F|  |TAMS 0x0000000709200000| PB 0x0000000709200000| Untracked |  0
|  42|0x0000000709400000, 0x0000000709400000, 0x0000000709600000|  0%| F|  |TAMS 0x0000000709400000| PB 0x0000000709400000| Untracked |  0
|  43|0x0000000709600000, 0x0000000709600000, 0x0000000709800000|  0%| F|  |TAMS 0x0000000709600000| PB 0x0000000709600000| Untracked |  0
|  44|0x0000000709800000, 0x0000000709800000, 0x0000000709a00000|  0%| F|  |TAMS 0x0000000709800000| PB 0x0000000709800000| Untracked |  0
|  45|0x0000000709a00000, 0x0000000709a00000, 0x0000000709c00000|  0%| F|  |TAMS 0x0000000709a00000| PB 0x0000000709a00000| Untracked |  0
|  46|0x0000000709c00000, 0x0000000709c00000, 0x0000000709e00000|  0%| F|  |TAMS 0x0000000709c00000| PB 0x0000000709c00000| Untracked |  0
|  47|0x0000000709e00000, 0x0000000709ef3d30, 0x000000070a000000| 47%| E|  |TAMS 0x0000000709e00000| PB 0x0000000709e00000| Complete |  0
|  48|0x000000070a000000, 0x000000070a200000, 0x000000070a200000|100%| E|CS|TAMS 0x000000070a000000| PB 0x000000070a000000| Complete |  0
|  49|0x000000070a200000, 0x000000070a400000, 0x000000070a400000|100%| E|CS|TAMS 0x000000070a200000| PB 0x000000070a200000| Complete |  0
|  50|0x000000070a400000, 0x000000070a600000, 0x000000070a600000|100%| E|CS|TAMS 0x000000070a400000| PB 0x000000070a400000| Complete |  0
|  51|0x000000070a600000, 0x000000070a800000, 0x000000070a800000|100%| E|CS|TAMS 0x000000070a600000| PB 0x000000070a600000| Complete |  0
|  62|0x000000070bc00000, 0x000000070be00000, 0x000000070be00000|100%| E|CS|TAMS 0x000000070bc00000| PB 0x000000070bc00000| Complete |  0
|  63|0x000000070be00000, 0x000000070c000000, 0x000000070c000000|100%| E|CS|TAMS 0x000000070be00000| PB 0x000000070be00000| Complete |  0
|  64|0x000000070c000000, 0x000000070c200000, 0x000000070c200000|100%| E|CS|TAMS 0x000000070c000000| PB 0x000000070c000000| Complete |  0
|  65|0x000000070c200000, 0x000000070c400000, 0x000000070c400000|100%| E|CS|TAMS 0x000000070c200000| PB 0x000000070c200000| Complete |  0
| 125|0x0000000713a00000, 0x0000000713c00000, 0x0000000713c00000|100%| E|CS|TAMS 0x0000000713a00000| PB 0x0000000713a00000| Complete |  0

Card table byte_map: [0x000002972cc40000,0x000002972d420000] _byte_map_base: 0x0000029729420000

Marking Bits: (CMBitMap*) 0x000002972061b2b0
 Bits: [0x000002972d420000, 0x0000029731320000)

Polling page: 0x000002971e460000

Metaspace:

Usage:
  Non-class:     68.36 MB used.
      Class:     11.94 MB used.
       Both:     80.30 MB used.

Virtual space:
  Non-class space:      128.00 MB reserved,      68.88 MB ( 54%) committed,  2 nodes.
      Class space:        1.00 GB reserved,      12.31 MB (  1%) committed,  1 nodes.
             Both:        1.12 GB reserved,      81.19 MB (  7%) committed. 

Chunk freelists:
   Non-Class:  10.97 MB
       Class:  3.55 MB
        Both:  14.53 MB

MaxMetaspaceSize: unlimited
CompressedClassSpaceSize: 1.00 GB
Initial GC threshold: 21.00 MB
Current GC threshold: 133.75 MB
CDS: on
 - commit_granule_bytes: 65536.
 - commit_granule_words: 8192.
 - virtual_space_node_default_size: 8388608.
 - enlarge_chunks_in_place: 1.
 - use_allocation_guard: 0.


Internal statistics:

num_allocs_failed_limit: 9.
num_arena_births: 1248.
num_arena_deaths: 0.
num_vsnodes_births: 3.
num_vsnodes_deaths: 0.
num_space_committed: 1299.
num_space_uncommitted: 0.
num_chunks_returned_to_freelist: 9.
num_chunks_taken_from_freelist: 4004.
num_chunk_merges: 9.
num_chunk_splits: 2944.
num_chunks_enlarged: 2286.
num_inconsistent_stats: 0.

CodeCache: size=49152Kb used=11890Kb max_used=17727Kb free=37261Kb
 bounds [0x0000029728ce0000, 0x0000029729e30000, 0x000002972bce0000]
 total_blobs=8876, nmethods=8096, adapters=704, full_count=0
Compilation: enabled, stopped_count=0, restarted_count=0

Compilation events (20 events):
Event: 21.923 Thread 0x000002977c8f5a90 8964   !   1       jdk.jfr.internal.Control::setValue (85 bytes)
Event: 21.923 Thread 0x000002977c8f6f00 8965       1       jdk.jfr.internal.SettingsManager$InternalSetting::getValues (35 bytes)
Event: 21.923 Thread 0x000002977c8f6160 8966       1       jdk.jfr.internal.Control::apply (10 bytes)
Event: 21.923 Thread 0x0000029734395b70 8967       1       jdk.jfr.internal.Control::findCombine (121 bytes)
Event: 21.923 Thread 0x000002977c8f6f00 nmethod 8965 0x00000297297b6b88 code [0x00000297297b6cc0, 0x00000297297b6ec8]
Event: 21.923 Thread 0x000002977c8f6160 nmethod 8966 0x0000029729583308 code [0x0000029729583440, 0x0000029729583550]
Event: 21.924 Thread 0x0000029734395b70 nmethod 8967 0x0000029729545208 code [0x00000297295453c0, 0x0000029729545b80]
Event: 21.924 Thread 0x000002977c8f5a90 nmethod 8964 0x0000029729414108 code [0x0000029729414300, 0x00000297294148e8]
Event: 21.925 Thread 0x000002977c8f5a90 8968       1       jdk.jfr.internal.periodic.EventTask::getEventType (5 bytes)
Event: 21.925 Thread 0x000002977c8f5a90 nmethod 8968 0x0000029729583988 code [0x0000029729583aa0, 0x0000029729583b70]
Event: 21.925 Thread 0x000002977c8f5a90 8969       1       jdk.jfr.internal.periodic.PeriodicTask::getPeriod (5 bytes)
Event: 21.925 Thread 0x0000029734395b70 8970       1       java.util.ArrayList::isClear (21 bytes)
Event: 21.925 Thread 0x000002977c8f5a90 nmethod 8969 0x0000029729585188 code [0x00000297295852a0, 0x0000029729585368]
Event: 21.925 Thread 0x0000029734395b70 nmethod 8970 0x0000029729586e88 code [0x0000029729586fa0, 0x00000297295870a0]
Event: 23.732 Thread 0x0000029734395b70 8971       1       java.util.EventObject::<init> (24 bytes)
Event: 23.732 Thread 0x0000029734395b70 nmethod 8971 0x0000029729588d08 code [0x0000029729588e20, 0x0000029729588fe8]
Event: 28.530 Thread 0x0000029734395b70 8972       1       java.util.AbstractCollection::containsAll (38 bytes)
Event: 28.530 Thread 0x0000029734395b70 nmethod 8972 0x0000029729867708 code [0x0000029729867860, 0x0000029729867a48]
Event: 29.650 Thread 0x0000029734395b70 8973       1       java.util.concurrent.ThreadPoolExecutor::runStateAtLeast (11 bytes)
Event: 29.650 Thread 0x0000029734395b70 nmethod 8973 0x000002972958e688 code [0x000002972958e7a0, 0x000002972958e858]

GC Heap History (20 events):
Event: 1.968 GC heap before
{Heap before GC invocations=11 (full 0):
 garbage-first heap   total reserved 4128768K, committed 40960K, used 32667K [0x0000000704000000, 0x0000000800000000)
  region size 2048K, 9 young (18432K), 2 survivors (4096K)
 Metaspace       used 25983K, committed 26432K, reserved 1114112K
  class space    used 3660K, committed 3840K, reserved 1048576K
}
Event: 1.970 GC heap after
{Heap after GC invocations=12 (full 0):
 garbage-first heap   total reserved 4128768K, committed 149504K, used 19289K [0x0000000704000000, 0x0000000800000000)
  region size 2048K, 2 young (4096K), 2 survivors (4096K)
 Metaspace       used 25983K, committed 26432K, reserved 1114112K
  class space    used 3660K, committed 3840K, reserved 1048576K
}
Event: 2.701 GC heap before
{Heap before GC invocations=12 (full 0):
 garbage-first heap   total reserved 4128768K, committed 149504K, used 101209K [0x0000000704000000, 0x0000000800000000)
  region size 2048K, 43 young (88064K), 2 survivors (4096K)
 Metaspace       used 34533K, committed 35136K, reserved 1114112K
  class space    used 4947K, committed 5248K, reserved 1048576K
}
Event: 2.706 GC heap after
{Heap after GC invocations=13 (full 0):
 garbage-first heap   total reserved 4128768K, committed 149504K, used 25741K [0x0000000704000000, 0x0000000800000000)
  region size 2048K, 5 young (10240K), 5 survivors (10240K)
 Metaspace       used 34533K, committed 35136K, reserved 1114112K
  class space    used 4947K, committed 5248K, reserved 1048576K
}
Event: 2.740 GC heap before
{Heap before GC invocations=13 (full 0):
 garbage-first heap   total reserved 4128768K, committed 149504K, used 35981K [0x0000000704000000, 0x0000000800000000)
  region size 2048K, 12 young (24576K), 5 survivors (10240K)
 Metaspace       used 35439K, committed 35968K, reserved 1114112K
  class space    used 5046K, committed 5312K, reserved 1048576K
}
Event: 2.748 GC heap after
{Heap after GC invocations=14 (full 0):
 garbage-first heap   total reserved 4128768K, committed 149504K, used 32302K [0x0000000704000000, 0x0000000800000000)
  region size 2048K, 4 young (8192K), 4 survivors (8192K)
 Metaspace       used 35439K, committed 35968K, reserved 1114112K
  class space    used 5046K, committed 5312K, reserved 1048576K
}
Event: 3.808 GC heap before
{Heap before GC invocations=15 (full 0):
 garbage-first heap   total reserved 4128768K, committed 116736K, used 83502K [0x0000000704000000, 0x0000000800000000)
  region size 2048K, 30 young (61440K), 4 survivors (8192K)
 Metaspace       used 37416K, committed 38080K, reserved 1114112K
  class space    used 5353K, committed 5632K, reserved 1048576K
}
Event: 3.810 GC heap after
{Heap after GC invocations=16 (full 0):
 garbage-first heap   total reserved 4128768K, committed 116736K, used 30291K [0x0000000704000000, 0x0000000800000000)
  region size 2048K, 2 young (4096K), 2 survivors (4096K)
 Metaspace       used 37416K, committed 38080K, reserved 1114112K
  class space    used 5353K, committed 5632K, reserved 1048576K
}
Event: 4.448 GC heap before
{Heap before GC invocations=16 (full 0):
 garbage-first heap   total reserved 4128768K, committed 116736K, used 73299K [0x0000000704000000, 0x0000000800000000)
  region size 2048K, 24 young (49152K), 2 survivors (4096K)
 Metaspace       used 51936K, committed 52544K, reserved 1114112K
  class space    used 7429K, committed 7680K, reserved 1048576K
}
Event: 4.454 GC heap after
{Heap after GC invocations=17 (full 0):
 garbage-first heap   total reserved 4128768K, committed 116736K, used 33418K [0x0000000704000000, 0x0000000800000000)
  region size 2048K, 3 young (6144K), 3 survivors (6144K)
 Metaspace       used 51936K, committed 52544K, reserved 1114112K
  class space    used 7429K, committed 7680K, reserved 1048576K
}
Event: 4.815 GC heap before
{Heap before GC invocations=17 (full 0):
 garbage-first heap   total reserved 4128768K, committed 116736K, used 62090K [0x0000000704000000, 0x0000000800000000)
  region size 2048K, 19 young (38912K), 3 survivors (6144K)
 Metaspace       used 59482K, committed 60096K, reserved 1114112K
  class space    used 8503K, committed 8768K, reserved 1048576K
}
Event: 4.820 GC heap after
{Heap after GC invocations=18 (full 0):
 garbage-first heap   total reserved 4128768K, committed 116736K, used 35790K [0x0000000704000000, 0x0000000800000000)
  region size 2048K, 3 young (6144K), 3 survivors (6144K)
 Metaspace       used 59482K, committed 60096K, reserved 1114112K
  class space    used 8503K, committed 8768K, reserved 1048576K
}
Event: 5.392 GC heap before
{Heap before GC invocations=19 (full 0):
 garbage-first heap   total reserved 4128768K, committed 116736K, used 82894K [0x0000000704000000, 0x0000000800000000)
  region size 2048K, 27 young (55296K), 3 survivors (6144K)
 Metaspace       used 67333K, committed 68032K, reserved 1114112K
  class space    used 9770K, committed 10048K, reserved 1048576K
}
Event: 5.398 GC heap after
{Heap after GC invocations=20 (full 0):
 garbage-first heap   total reserved 4128768K, committed 116736K, used 38387K [0x0000000704000000, 0x0000000800000000)
  region size 2048K, 3 young (6144K), 3 survivors (6144K)
 Metaspace       used 67333K, committed 68032K, reserved 1114112K
  class space    used 9770K, committed 10048K, reserved 1048576K
}
Event: 5.843 GC heap before
{Heap before GC invocations=20 (full 0):
 garbage-first heap   total reserved 4128768K, committed 116736K, used 85491K [0x0000000704000000, 0x0000000800000000)
  region size 2048K, 27 young (55296K), 3 survivors (6144K)
 Metaspace       used 73166K, committed 73920K, reserved 1114112K
  class space    used 10877K, committed 11136K, reserved 1048576K
}
Event: 5.847 GC heap after
{Heap after GC invocations=21 (full 0):
 garbage-first heap   total reserved 4128768K, committed 116736K, used 42427K [0x0000000704000000, 0x0000000800000000)
  region size 2048K, 4 young (8192K), 4 survivors (8192K)
 Metaspace       used 73166K, committed 73920K, reserved 1114112K
  class space    used 10877K, committed 11136K, reserved 1048576K
}
Event: 6.231 GC heap before
{Heap before GC invocations=21 (full 0):
 garbage-first heap   total reserved 4128768K, committed 116736K, used 91579K [0x0000000704000000, 0x0000000800000000)
  region size 2048K, 28 young (57344K), 4 survivors (8192K)
 Metaspace       used 77754K, committed 78592K, reserved 1179648K
  class space    used 11537K, committed 11904K, reserved 1048576K
}
Event: 6.236 GC heap after
{Heap after GC invocations=22 (full 0):
 garbage-first heap   total reserved 4128768K, committed 116736K, used 45770K [0x0000000704000000, 0x0000000800000000)
  region size 2048K, 4 young (8192K), 4 survivors (8192K)
 Metaspace       used 77754K, committed 78592K, reserved 1179648K
  class space    used 11537K, committed 11904K, reserved 1048576K
}
Event: 12.897 GC heap before
{Heap before GC invocations=22 (full 0):
 garbage-first heap   total reserved 4128768K, committed 116736K, used 96970K [0x0000000704000000, 0x0000000800000000)
  region size 2048K, 29 young (59392K), 4 survivors (8192K)
 Metaspace       used 81225K, committed 82176K, reserved 1179648K
  class space    used 12080K, committed 12480K, reserved 1048576K
}
Event: 12.905 GC heap after
{Heap after GC invocations=23 (full 0):
 garbage-first heap   total reserved 4128768K, committed 116736K, used 49756K [0x0000000704000000, 0x0000000800000000)
  region size 2048K, 4 young (8192K), 4 survivors (8192K)
 Metaspace       used 81225K, committed 82176K, reserved 1179648K
  class space    used 12080K, committed 12480K, reserved 1048576K
}

Dll operation events (15 events):
Event: 0.006 Loaded shared library C:\Users\Sedef haným\.jdks\openjdk-23\bin\java.dll
Event: 0.074 Loaded shared library C:\Users\Sedef haným\.jdks\openjdk-23\bin\zip.dll
Event: 0.076 Loaded shared library C:\Users\Sedef haným\.jdks\openjdk-23\bin\instrument.dll
Event: 0.079 Loaded shared library C:\Users\Sedef haným\.jdks\openjdk-23\bin\net.dll
Event: 0.080 Loaded shared library C:\Users\Sedef haným\.jdks\openjdk-23\bin\nio.dll
Event: 0.081 Loaded shared library C:\Users\Sedef haným\.jdks\openjdk-23\bin\zip.dll
Event: 0.159 Loaded shared library C:\Users\Sedef haným\.jdks\openjdk-23\bin\jimage.dll
Event: 0.677 Loaded shared library C:\Program Files\JetBrains\IntelliJ IDEA 2024.2.3\bin\breakgen64.dll
Event: 0.683 Loaded shared library C:\Users\Sedef haným\.jdks\openjdk-23\bin\extnet.dll
Event: 0.703 Loaded shared library C:\Users\Sedef haným\.jdks\openjdk-23\bin\management.dll
Event: 0.710 Loaded shared library C:\Users\Sedef haným\.jdks\openjdk-23\bin\management_ext.dll
Event: 1.784 Loaded shared library C:\Users\Sedef haným\.jdks\openjdk-23\bin\sunmscapi.dll
Event: 3.941 Loaded shared library C:\Users\Sedef haným\.jdks\openjdk-23\bin\verify.dll
Event: 21.814 Loaded shared library C:\Users\SEDEFH~1\AppData\Local\Temp\idea_libasyncProfiler_dll_temp_folder\libasyncProfiler.dll
Event: 21.925 Unloaded dll "C:\Users\SEDEFH~1\AppData\Local\Temp\idea_libasyncProfiler_dll_temp_folder\libasyncProfiler.dll" [0x00007ffbf1710000]

Deoptimization events (4 events):
Event: 5.352 Thread 0x000002977a855360 DEOPT PACKING pc=0x000002972960d609 sp=0x000000e441ffac00
Event: 5.352 Thread 0x000002977a855360 DEOPT UNPACKING pc=0x0000029728d384c2 sp=0x000000e441ffa108 mode 3
Event: 5.422 Thread 0x000002977a855360 DEOPT PACKING pc=0x00000297295f1bbc sp=0x000000e441ffb240
Event: 5.422 Thread 0x000002977a855360 DEOPT UNPACKING pc=0x0000029728d384c2 sp=0x000000e441ffa798 mode 0

Classes loaded (20 events):
Event: 21.909 Loading class jdk/jfr/internal/MetadataDescriptor
Event: 21.909 Loading class jdk/jfr/internal/MetadataDescriptor done
Event: 21.909 Loading class jdk/jfr/internal/MetadataWriter
Event: 21.909 Loading class jdk/jfr/internal/MetadataWriter done
Event: 21.909 Loading class jdk/jfr/internal/MetadataDescriptor$Element
Event: 21.910 Loading class jdk/jfr/internal/MetadataDescriptor$Element done
Event: 21.910 Loading class jdk/jfr/internal/MetadataDescriptor$Attribute
Event: 21.910 Loading class jdk/jfr/internal/MetadataDescriptor$Attribute done
Event: 21.913 Loading class jdk/jfr/internal/consumer/StringParser$Encoding
Event: 21.913 Loading class jdk/jfr/internal/consumer/StringParser$Encoding done
Event: 21.919 Loading class jdk/jfr/internal/consumer/RepositoryFiles
Event: 21.919 Loading class jdk/jfr/internal/consumer/RepositoryFiles done
Event: 21.921 Loading class jdk/jfr/internal/SettingsManager$InternalSetting
Event: 21.921 Loading class jdk/jfr/internal/SettingsManager$InternalSetting done
Event: 21.922 Loading class jdk/jfr/internal/settings/ThrottleUnit
Event: 21.922 Loading class jdk/jfr/internal/settings/ThrottleUnit done
Event: 21.922 Loading class jdk/jfr/internal/util/ValueParser
Event: 21.922 Loading class jdk/jfr/internal/util/ValueParser done
Event: 21.923 Loading class jdk/jfr/internal/periodic/PeriodicType
Event: 21.923 Loading class jdk/jfr/internal/periodic/PeriodicType done

Classes unloaded (0 events):
No events

Classes redefined (0 events):
No events

Internal exceptions (20 events):
Event: 5.507 Thread 0x000002977a855360 Exception <a 'java/lang/NoSuchMethodError'{0x000000070bccbd78}: 'java.lang.Object java.lang.invoke.DirectMethodHandle$Holder.invokeStatic(java.lang.Object, int, java.lang.Object)'> (0x000000070bccbd78) 
thrown [s\open\src\hotspot\share\interpreter\linkResolver.cpp, line 796]
Event: 5.551 Thread 0x000002977a855360 Exception <a 'java/io/FileNotFoundException'{0x000000070a2249d8}> (0x000000070a2249d8) 
thrown [s\open\src\hotspot\share\prims\jni.cpp, line 520]
Event: 5.552 Thread 0x000002977a855360 Exception <a 'java/io/FileNotFoundException'{0x000000070a22ee38}> (0x000000070a22ee38) 
thrown [s\open\src\hotspot\share\prims\jni.cpp, line 520]
Event: 5.575 Thread 0x000002977a855360 Exception <a 'java/lang/NoSuchMethodError'{0x000000070a185a88}: 'java.lang.Object java.lang.invoke.DirectMethodHandle$Holder.newInvokeSpecial(java.lang.Object, java.lang.Object, java.lang.Object, java.lang.Object, java.lang.Object, java.lang.Object, java.lang.Object, java.lang.Object)'> (0x000000070a185a88) 
thrown [s\open\src\hotspot\share\interpreter\linkResolver.cpp, line 796]
Event: 6.037 Thread 0x000002977a855360 Exception <a 'java/lang/NoSuchMethodError'{0x0000000709602840}: 'java.lang.Object java.lang.invoke.DirectMethodHandle$Holder.invokeVirtual(java.lang.Object, java.lang.Object, java.lang.Object, java.lang.Object, java.lang.Object, java.lang.Object, java.lang.Object)'> (0x0000000709602840) 
thrown [s\open\src\hotspot\share\interpreter\linkResolver.cpp, line 796]
Event: 6.257 Thread 0x000002977a855360 Exception <a 'java/lang/IncompatibleClassChangeError'{0x000000070c308208}: Found class java.lang.Object, but interface was expected> (0x000000070c308208) 
thrown [s\open\src\hotspot\share\interpreter\linkResolver.cpp, line 863]
Event: 6.338 Thread 0x000002977a855360 Exception <a 'java/lang/NoSuchMethodError'{0x000000070a7ee4e0}: 'java.lang.Object java.lang.invoke.DirectMethodHandle$Holder.invokeInterface(java.lang.Object, java.lang.Object, java.lang.Object, java.lang.Object)'> (0x000000070a7ee4e0) 
thrown [s\open\src\hotspot\share\interpreter\linkResolver.cpp, line 796]
Event: 6.370 Thread 0x000002977a855360 Exception <a 'java/lang/NoSuchMethodError'{0x000000070a33ec48}: 'void java.lang.invoke.DirectMethodHandle$Holder.invokeVirtual(java.lang.Object, java.lang.Object, long)'> (0x000000070a33ec48) 
thrown [s\open\src\hotspot\share\interpreter\linkResolver.cpp, line 796]
Event: 6.415 Thread 0x000002977a855360 Exception <a 'java/lang/NoSuchMethodError'{0x0000000709c6df10}: 'int java.lang.invoke.DirectMethodHandle$Holder.invokeStaticInit(java.lang.Object, java.lang.Object, java.lang.Object, java.lang.Object)'> (0x0000000709c6df10) 
thrown [s\open\src\hotspot\share\interpreter\linkResolver.cpp, line 796]
Event: 6.430 Thread 0x000002977a855360 Exception <a 'java/lang/NoSuchMethodError'{0x0000000709df4c78}: 'java.lang.Object java.lang.invoke.DirectMethodHandle$Holder.invokeVirtual(java.lang.Object, java.lang.Object, java.lang.Object, java.lang.Object, java.lang.Object, java.lang.Object, java.lang.Object, java.lang.Object, java.lang.Object)'> (0x0000000709df4c78) 
thrown [s\open\src\hotspot\share\interpreter\linkResolver.cpp, line 796]
Event: 6.454 Thread 0x000002977a855360 Exception <a 'java/lang/NoSuchMethodError'{0x0000000709be4548}: 'java.lang.Object java.lang.invoke.DirectMethodHandle$Holder.invokeVirtual(java.lang.Object, java.lang.Object, java.lang.Object, java.lang.Object, java.lang.Object, java.lang.Object, java.lang.Object, java.lang.Object, java.lang.Object, java.lang.Object)'> (0x0000000709be4548) 
thrown [s\open\src\hotspot\share\interpreter\linkResolver.cpp, line 796]
Event: 6.497 Thread 0x000002977a855360 Exception <a 'java/lang/IncompatibleClassChangeError'{0x00000007094f1ca8}: Found class java.lang.Object, but interface was expected> (0x00000007094f1ca8) 
thrown [s\open\src\hotspot\share\interpreter\linkResolver.cpp, line 863]
Event: 6.637 Thread 0x000002977a855360 Exception <a 'java/lang/NoSuchMethodError'{0x0000000708737840}: 'java.lang.Object java.lang.invoke.DirectMethodHandle$Holder.newInvokeSpecial(java.lang.Object, java.lang.Object, int, java.lang.Object, java.lang.Object)'> (0x0000000708737840) 
thrown [s\open\src\hotspot\share\interpreter\linkResolver.cpp, line 796]
Event: 6.768 Thread 0x0000029734f72ad0 Exception <a 'java/lang/NoSuchMethodError'{0x000000070825b430}: 'java.lang.Object java.lang.invoke.DirectMethodHandle$Holder.invokeInterface(java.lang.Object, java.lang.Object, java.lang.Object, java.lang.Object, java.lang.Object, java.lang.Object, java.lang.Object)'> (0x000000070825b430) 
thrown [s\open\src\hotspot\share\interpreter\linkResolver.cpp, line 796]
Event: 21.857 Thread 0x0000029734392e20 Exception <a 'java/lang/NoSuchMethodError'{0x000000070c1797c8}: 'void java.lang.invoke.DirectMethodHandle$Holder.invokeStaticInit(java.lang.Object)'> (0x000000070c1797c8) 
thrown [s\open\src\hotspot\share\interpreter\linkResolver.cpp, line 796]
Event: 21.902 Thread 0x0000029734392e20 Exception <a 'java/lang/NoSuchMethodError'{0x000000070a6f8d08}: 'void java.lang.invoke.DirectMethodHandle$Holder.invokeSpecial(java.lang.Object, java.lang.Object, int)'> (0x000000070a6f8d08) 
thrown [s\open\src\hotspot\share\interpreter\linkResolver.cpp, line 796]
Event: 21.902 Thread 0x0000029734392e20 Exception <a 'java/lang/NoSuchMethodError'{0x000000070a6fbcd8}: 'void java.lang.invoke.Invokers$Holder.invokeExact_MT(java.lang.Object, int, java.lang.Object)'> (0x000000070a6fbcd8) 
thrown [s\open\src\hotspot\share\interpreter\linkResolver.cpp, line 796]
Event: 21.905 Thread 0x0000029734392e20 Exception <a 'sun/nio/fs/WindowsException'{0x000000070a725920}> (0x000000070a725920) 
thrown [s\open\src\hotspot\share\prims\jni.cpp, line 520]
Event: 21.906 Thread 0x0000029734392e20 Exception <a 'sun/nio/fs/WindowsException'{0x000000070a73d0d8}> (0x000000070a73d0d8) 
thrown [s\open\src\hotspot\share\prims\jni.cpp, line 520]
Event: 21.908 Thread 0x0000029734392e20 Exception <a 'sun/nio/fs/WindowsException'{0x000000070a745928}> (0x000000070a745928) 
thrown [s\open\src\hotspot\share\prims\jni.cpp, line 520]

VM Operations (20 events):
Event: 6.132 Executing VM operation: HandshakeAllThreads (Deoptimize)
Event: 6.132 Executing VM operation: HandshakeAllThreads (Deoptimize) done
Event: 6.149 Executing VM operation: HandshakeAllThreads (Deoptimize)
Event: 6.149 Executing VM operation: HandshakeAllThreads (Deoptimize) done
Event: 6.150 Executing VM operation: HandshakeAllThreads (Deoptimize)
Event: 6.150 Executing VM operation: HandshakeAllThreads (Deoptimize) done
Event: 6.230 Executing VM operation: G1CollectForAllocation (G1 Evacuation Pause)
Event: 6.236 Executing VM operation: G1CollectForAllocation (G1 Evacuation Pause) done
Event: 6.386 Executing VM operation: HandshakeAllThreads (Deoptimize)
Event: 6.386 Executing VM operation: HandshakeAllThreads (Deoptimize) done
Event: 6.636 Executing VM operation: HandshakeAllThreads (Deoptimize)
Event: 6.636 Executing VM operation: HandshakeAllThreads (Deoptimize) done
Event: 12.897 Executing VM operation: G1CollectForAllocation (G1 Evacuation Pause)
Event: 12.905 Executing VM operation: G1CollectForAllocation (G1 Evacuation Pause) done
Event: 12.919 Executing VM operation: G1PauseRemark
Event: 12.922 Executing VM operation: G1PauseRemark done
Event: 12.927 Executing VM operation: G1PauseCleanup
Event: 12.927 Executing VM operation: G1PauseCleanup done
Event: 21.919 Executing VM operation: JFRCheckpoint
Event: 21.919 Executing VM operation: JFRCheckpoint done

Memory protections (0 events):
No events

Nmethod flushes (20 events):
Event: 12.921 Thread 0x0000029734374b40 flushing  nmethod 0x0000029729483788
Event: 12.921 Thread 0x0000029734374b40 flushing  nmethod 0x00000297294eef08
Event: 12.921 Thread 0x0000029734374b40 flushing  nmethod 0x00000297294ef208
Event: 12.921 Thread 0x0000029734374b40 flushing  nmethod 0x0000029729523008
Event: 12.921 Thread 0x0000029734374b40 flushing  nmethod 0x0000029729523908
Event: 12.921 Thread 0x0000029734374b40 flushing  nmethod 0x0000029729524888
Event: 12.921 Thread 0x0000029734374b40 flushing  nmethod 0x000002972955a008
Event: 12.921 Thread 0x0000029734374b40 flushing  nmethod 0x000002972955a408
Event: 12.921 Thread 0x0000029734374b40 flushing  nmethod 0x000002972955a708
Event: 12.921 Thread 0x0000029734374b40 flushing  nmethod 0x00000297295a7808
Event: 12.921 Thread 0x0000029734374b40 flushing  nmethod 0x00000297295a8208
Event: 12.921 Thread 0x0000029734374b40 flushing  nmethod 0x00000297295a8808
Event: 12.921 Thread 0x0000029734374b40 flushing  nmethod 0x00000297295a8b88
Event: 12.921 Thread 0x0000029734374b40 flushing  nmethod 0x00000297295abf08
Event: 12.921 Thread 0x0000029734374b40 flushing  nmethod 0x000002972961e488
Event: 12.921 Thread 0x0000029734374b40 flushing  nmethod 0x0000029729622788
Event: 12.921 Thread 0x0000029734374b40 flushing  nmethod 0x0000029729670308
Event: 12.921 Thread 0x0000029734374b40 flushing  nmethod 0x0000029729670988
Event: 12.921 Thread 0x0000029734374b40 flushing  nmethod 0x0000029729b49688
Event: 12.921 Thread 0x0000029734374b40 flushing  nmethod 0x0000029729b4be88

Events (20 events):
Event: 6.775 Thread 0x000002977d6485a0 Thread exited: 0x000002977d6485a0
Event: 7.666 Thread 0x000002977b2aa250 Thread exited: 0x000002977b2aa250
Event: 8.294 Thread 0x000002977b2a9b90 Thread exited: 0x000002977b2a9b90
Event: 9.895 Thread 0x000002977b803280 Thread exited: 0x000002977b803280
Event: 10.537 Thread 0x0000029734d4ee40 Thread exited: 0x0000029734d4ee40
Event: 10.537 Thread 0x0000029734d46c00 Thread exited: 0x0000029734d46c00
Event: 10.537 Thread 0x0000029734d46540 Thread exited: 0x0000029734d46540
Event: 15.549 Thread 0x0000029734d43a70 Thread exited: 0x0000029734d43a70
Event: 20.558 Thread 0x0000029734497710 Thread exited: 0x0000029734497710
Event: 20.558 Thread 0x00000297345bed20 Thread exited: 0x00000297345bed20
Event: 20.558 Thread 0x000002973450b030 Thread exited: 0x000002973450b030
Event: 20.558 Thread 0x00000297345d4190 Thread exited: 0x00000297345d4190
Event: 21.844 Thread 0x0000029734395b70 Thread added: 0x000002977c8f5a90
Event: 21.844 Thread 0x0000029734395b70 Thread added: 0x000002977c8f6f00
Event: 21.844 Thread 0x0000029734395b70 Thread added: 0x000002977c8f6160
Event: 21.855 Thread 0x0000029734392e20 Thread added: 0x000002977a855360
Event: 21.903 Thread 0x0000029734392e20 Thread added: 0x000002970dbdb7a0
Event: 23.733 Thread 0x000002977c8f6f00 Thread exited: 0x000002977c8f6f00
Event: 23.733 Thread 0x000002977c8f6160 Thread exited: 0x000002977c8f6160
Event: 28.530 Thread 0x000002977c8f5a90 Thread exited: 0x000002977c8f5a90


Dynamic libraries:
0x00007ff60e8d0000 - 0x00007ff60e8de000 	C:\Users\Sedef haným\.jdks\openjdk-23\bin\java.exe
0x00007ffc31590000 - 0x00007ffc31788000 	C:\WINDOWS\SYSTEM32\ntdll.dll
0x00007ffc2fb30000 - 0x00007ffc2fbf2000 	C:\WINDOWS\System32\KERNEL32.DLL
0x00007ffc2f2a0000 - 0x00007ffc2f59f000 	C:\WINDOWS\System32\KERNELBASE.dll
0x00007ffc2f030000 - 0x00007ffc2f130000 	C:\WINDOWS\System32\ucrtbase.dll
0x00007ffc2a920000 - 0x00007ffc2a937000 	C:\Users\Sedef haným\.jdks\openjdk-23\bin\jli.dll
0x00007ffc2a900000 - 0x00007ffc2a91b000 	C:\Users\Sedef haným\.jdks\openjdk-23\bin\VCRUNTIME140.dll
0x00007ffc31050000 - 0x00007ffc311ed000 	C:\WINDOWS\System32\USER32.dll
0x00007ffc236b0000 - 0x00007ffc2394a000 	C:\WINDOWS\WinSxS\amd64_microsoft.windows.common-controls_6595b64144ccf1df_6.0.19041.4355_none_60b8b9eb71f62e16\COMCTL32.dll
0x00007ffc2f1e0000 - 0x00007ffc2f202000 	C:\WINDOWS\System32\win32u.dll
0x00007ffc30370000 - 0x00007ffc3040e000 	C:\WINDOWS\System32\msvcrt.dll
0x00007ffc30580000 - 0x00007ffc305ab000 	C:\WINDOWS\System32\GDI32.dll
0x00007ffc2ee90000 - 0x00007ffc2efa7000 	C:\WINDOWS\System32\gdi32full.dll
0x00007ffc2edf0000 - 0x00007ffc2ee8d000 	C:\WINDOWS\System32\msvcp_win.dll
0x00007ffc305b0000 - 0x00007ffc305df000 	C:\WINDOWS\System32\IMM32.DLL
0x00007ffc2aa80000 - 0x00007ffc2aa8c000 	C:\Users\Sedef haným\.jdks\openjdk-23\bin\vcruntime140_1.dll
0x00007ffc2a870000 - 0x00007ffc2a8fe000 	C:\Users\Sedef haným\.jdks\openjdk-23\bin\msvcp140.dll
0x00007ffbc7eb0000 - 0x00007ffbc8bff000 	C:\Users\Sedef haným\.jdks\openjdk-23\bin\server\jvm.dll
0x00007ffc2fa10000 - 0x00007ffc2fac1000 	C:\WINDOWS\System32\ADVAPI32.dll
0x00007ffc2f5a0000 - 0x00007ffc2f63f000 	C:\WINDOWS\System32\sechost.dll
0x00007ffc30db0000 - 0x00007ffc30ed3000 	C:\WINDOWS\System32\RPCRT4.dll
0x00007ffc2f000000 - 0x00007ffc2f027000 	C:\WINDOWS\System32\bcrypt.dll
0x00007ffc30410000 - 0x00007ffc3047b000 	C:\WINDOWS\System32\WS2_32.dll
0x00007ffc2e110000 - 0x00007ffc2e15b000 	C:\WINDOWS\SYSTEM32\POWRPROF.dll
0x00007ffc22560000 - 0x00007ffc2256a000 	C:\WINDOWS\SYSTEM32\VERSION.dll
0x00007ffc12360000 - 0x00007ffc12387000 	C:\WINDOWS\SYSTEM32\WINMM.dll
0x00007ffc2dfe0000 - 0x00007ffc2dff2000 	C:\WINDOWS\SYSTEM32\UMPDC.dll
0x00007ffc2ca40000 - 0x00007ffc2ca52000 	C:\WINDOWS\SYSTEM32\kernel.appcore.dll
0x00007ffc2a860000 - 0x00007ffc2a86a000 	C:\Users\Sedef haným\.jdks\openjdk-23\bin\jimage.dll
0x00007ffc22300000 - 0x00007ffc224e4000 	C:\WINDOWS\SYSTEM32\DBGHELP.DLL
0x00007ffc222c0000 - 0x00007ffc222f4000 	C:\WINDOWS\SYSTEM32\dbgcore.DLL
0x00007ffc2f210000 - 0x00007ffc2f292000 	C:\WINDOWS\System32\bcryptPrimitives.dll
0x00007ffc2a850000 - 0x00007ffc2a85f000 	C:\Users\Sedef haným\.jdks\openjdk-23\bin\instrument.dll
0x00007ffc2a6a0000 - 0x00007ffc2a6be000 	C:\Users\Sedef haným\.jdks\openjdk-23\bin\java.dll
0x00007ffc2f6b0000 - 0x00007ffc2f7db000 	C:\WINDOWS\System32\ole32.dll
0x00007ffc311f0000 - 0x00007ffc31545000 	C:\WINDOWS\System32\combase.dll
0x00007ffc2fc00000 - 0x00007ffc3036e000 	C:\WINDOWS\System32\SHELL32.dll
0x00007ffc2cc60000 - 0x00007ffc2d404000 	C:\WINDOWS\SYSTEM32\windows.storage.dll
0x00007ffc2e570000 - 0x00007ffc2e59f000 	C:\WINDOWS\SYSTEM32\Wldp.dll
0x00007ffc30ce0000 - 0x00007ffc30dad000 	C:\WINDOWS\System32\OLEAUT32.dll
0x00007ffc2f960000 - 0x00007ffc2fa0d000 	C:\WINDOWS\System32\SHCORE.dll
0x00007ffc30500000 - 0x00007ffc30555000 	C:\WINDOWS\System32\shlwapi.dll
0x00007ffc2eb50000 - 0x00007ffc2eb74000 	C:\WINDOWS\SYSTEM32\profapi.dll
0x00007ffc29fe0000 - 0x00007ffc29ff7000 	C:\Users\Sedef haným\.jdks\openjdk-23\bin\zip.dll
0x00007ffc2a3d0000 - 0x00007ffc2a3e0000 	C:\Users\Sedef haným\.jdks\openjdk-23\bin\net.dll
0x00007ffc2e350000 - 0x00007ffc2e3ba000 	C:\WINDOWS\system32\mswsock.dll
0x00007ffc2a030000 - 0x00007ffc2a046000 	C:\Users\Sedef haným\.jdks\openjdk-23\bin\nio.dll
0x00007ffc29f80000 - 0x00007ffc29f9a000 	C:\Program Files\JetBrains\IntelliJ IDEA 2024.2.3\bin\breakgen64.dll
0x00007ffc29fa0000 - 0x00007ffc29fa9000 	C:\Users\Sedef haným\.jdks\openjdk-23\bin\extnet.dll
0x00007ffc2e040000 - 0x00007ffc2e10a000 	C:\WINDOWS\SYSTEM32\DNSAPI.dll
0x00007ffc2e000000 - 0x00007ffc2e03b000 	C:\WINDOWS\SYSTEM32\IPHLPAPI.DLL
0x00007ffc30a60000 - 0x00007ffc30a68000 	C:\WINDOWS\System32\NSI.dll
0x00007ffc27d10000 - 0x00007ffc27d1a000 	C:\Windows\System32\rasadhlp.dll
0x00007ffc275a0000 - 0x00007ffc27620000 	C:\WINDOWS\System32\fwpuclnt.dll
0x00007ffc29fd0000 - 0x00007ffc29fda000 	C:\Users\Sedef haným\.jdks\openjdk-23\bin\management.dll
0x00007ffc29fc0000 - 0x00007ffc29fcb000 	C:\Users\Sedef haným\.jdks\openjdk-23\bin\management_ext.dll
0x00007ffc2f6a0000 - 0x00007ffc2f6a8000 	C:\WINDOWS\System32\PSAPI.DLL
0x00007ffc2e5b0000 - 0x00007ffc2e5c8000 	C:\WINDOWS\SYSTEM32\CRYPTSP.dll
0x00007ffc2dc20000 - 0x00007ffc2dc54000 	C:\WINDOWS\system32\rsaenh.dll
0x00007ffc2eb10000 - 0x00007ffc2eb3e000 	C:\WINDOWS\SYSTEM32\USERENV.dll
0x00007ffc2e4e0000 - 0x00007ffc2e4ec000 	C:\WINDOWS\SYSTEM32\CRYPTBASE.dll
0x00007ffc0a980000 - 0x00007ffc0a997000 	C:\WINDOWS\system32\napinsp.dll
0x00007ffc0a960000 - 0x00007ffc0a97b000 	C:\WINDOWS\system32\pnrpnsp.dll
0x00007ffc2b630000 - 0x00007ffc2b645000 	C:\WINDOWS\system32\wshbth.dll
0x00007ffc2b200000 - 0x00007ffc2b21d000 	C:\WINDOWS\system32\NLAapi.dll
0x00007ffc0a940000 - 0x00007ffc0a952000 	C:\WINDOWS\System32\winrnr.dll
0x00007ffc12710000 - 0x00007ffc12761000 	C:\WINDOWS\SYSTEM32\pdh.dll
0x00007ffc27940000 - 0x00007ffc2794f000 	C:\WINDOWS\System32\perfproc.dll
0x00007ffc08e10000 - 0x00007ffc08e1f000 	C:\WINDOWS\System32\perfos.dll
0x00007ffc29fb0000 - 0x00007ffc29fbe000 	C:\Users\Sedef haným\.jdks\openjdk-23\bin\sunmscapi.dll
0x00007ffc2ec90000 - 0x00007ffc2edec000 	C:\WINDOWS\System32\CRYPT32.dll
0x00007ffc2e6c0000 - 0x00007ffc2e6e7000 	C:\WINDOWS\SYSTEM32\ncrypt.dll
0x00007ffc2e680000 - 0x00007ffc2e6bb000 	C:\WINDOWS\SYSTEM32\NTASN1.dll
0x00007ffc29f70000 - 0x00007ffc29f80000 	C:\Users\Sedef haným\.jdks\openjdk-23\bin\verify.dll
0x00007ffc29110000 - 0x00007ffc29117000 	C:\WINDOWS\system32\wshunix.dll

dbghelp: loaded successfully - version: 4.0.5 - missing functions: none
symbol engine: initialized successfully - sym options: 0x614 - pdb path: .;C:\Users\Sedef haným\.jdks\openjdk-23\bin;C:\WINDOWS\SYSTEM32;C:\WINDOWS\WinSxS\amd64_microsoft.windows.common-controls_6595b64144ccf1df_6.0.19041.4355_none_60b8b9eb71f62e16;C:\Users\Sedef haným\.jdks\openjdk-23\bin\server;C:\Program Files\JetBrains\IntelliJ IDEA 2024.2.3\bin;C:\Users\SEDEFH~1\AppData\Local\Temp\idea_libasyncProfiler_dll_temp_folder

VM Arguments:
jvm_args: -XX:TieredStopAtLevel=1 -Dspring.output.ansi.enabled=always -Dcom.sun.management.jmxremote -Dspring.jmx.enabled=true -Dspring.liveBeansView.mbeanDomain -Dspring.application.admin.enabled=true -Dmanagement.endpoints.jmx.exposure.include=* -javaagent:C:\Program Files\JetBrains\IntelliJ IDEA 2024.2.3\lib\idea_rt.jar=54712:C:\Program Files\JetBrains\IntelliJ IDEA 2024.2.3\bin -Dfile.encoding=UTF-8 -Dsun.stdout.encoding=UTF-8 -Dsun.stderr.encoding=UTF-8 
java_command: management.sedef.SedefApplication
java_class_path (initial): C:\Users\Sedef haným\Desktop\project-management-system-main\target\classes;C:\myrepo\org\springframework\boot\spring-boot-starter-data-jpa\3.3.5\spring-boot-starter-data-jpa-3.3.5.jar;C:\myrepo\org\springframework\boot\spring-boot-starter-aop\3.3.5\spring-boot-starter-aop-3.3.5.jar;C:\myrepo\org\aspectj\aspectjweaver\1.9.22.1\aspectjweaver-1.9.22.1.jar;C:\myrepo\org\springframework\boot\spring-boot-starter-jdbc\3.3.5\spring-boot-starter-jdbc-3.3.5.jar;C:\myrepo\com\zaxxer\HikariCP\5.1.0\HikariCP-5.1.0.jar;C:\myrepo\org\springframework\spring-jdbc\6.1.14\spring-jdbc-6.1.14.jar;C:\myrepo\org\hibernate\orm\hibernate-core\6.5.3.Final\hibernate-core-6.5.3.Final.jar;C:\myrepo\jakarta\persistence\jakarta.persistence-api\3.1.0\jakarta.persistence-api-3.1.0.jar;C:\myrepo\jakarta\transaction\jakarta.transaction-api\2.0.1\jakarta.transaction-api-2.0.1.jar;C:\myrepo\org\jboss\logging\jboss-logging\3.5.3.Final\jboss-logging-3.5.3.Final.jar;C:\myrepo\org\hibernate\common\hibernate-commons-annotations\6.0.6.Final\hibernate-commons-annotations-6.0.6.Final.jar;C:\myrepo\io\smallrye\jandex\3.1.2\jandex-3.1.2.jar;C:\myrepo\com\fasterxml\classmate\1.7.0\classmate-1.7.0.jar;C:\myrepo\net\bytebuddy\byte-buddy\1.14.19\byte-buddy-1.14.19.jar;C:\myrepo\org\glassfish\jaxb\jaxb-runtime\4.0.5\jaxb-runtime-4.0.5.jar;C:\myrepo\org\glassfish\jaxb\jaxb-core\4.0.5\jaxb-core-4.0.5.jar;C:\myrepo\org\glassfish\jaxb\txw2\4.0.5\txw2-4.0.5.jar;C:\myrepo\com\sun\istack\istack-commons-runtime\4.1.2\istack-commons-runtime-4.1.2.jar;C:\myrepo\jakarta\inject\jakarta.inject-api\2.0.1\jakarta.inject-api-2.0.1.jar;C:\myrepo\org\antlr\antlr4-runtime\4.13.0\antlr4-runtime-4.13.0.jar;C:\myrepo\org\springframework\data\spring-data-jpa\3.3.5\spring-data-jpa-3.3.5.jar;C:\myrepo\org\springframework\data\spring-data-commons\3.3.5\spring-data-commons-3.3.5.jar;C:\myrepo\org\springframework\spring-orm\6.1.14\spring-orm-6.1.14.jar;C:\myrepo\org\springframework\spring-context\6.1.14\spring-context-6.1.14.jar;C:\myrepo\org\springframework\spring-tx\6.1.14\spring-tx-6.1.14.jar;C:\myrepo\org\springframework\spring-beans\6.1.14\spring-beans-6.1.14.jar;C:\myrepo\jakarta\annotation\jakarta.annotation-api\2.1.1\jakarta.annotation-api-2.1.1.jar;C:\myrepo\org\springframework\spring-aspects\6.1.14\spring-aspects-6.1.14.jar;C:\myrepo\org\springdoc\springdoc-openapi-starter-webmvc-ui\2.1.0\springdoc-openapi-starter-webmvc-ui-2.1.0.jar;C:\myrepo\org\springdoc\springdoc-openapi-starter-webmvc-api\2.1.0\springdoc-openapi-starter-webmvc-api-2.1.0.jar;C:\myrepo\org\springdoc\springdoc-openapi-starter-common\2.1.0\springdoc-openapi-starter-common-2.1.0.jar;C:\myrepo\io\swagger\core\v3\swagger-core-jakarta\2.2.9\swagger-core-jakarta-2.2.9.jar;C:\myrepo\io\swagger\core\v3\swagger-annotations-jakarta\2.2.9\swagger-annotations-jakarta-2.2.9.jar;C:\myrepo\io\swagger\core\v3\swagger-models-jakarta\2.2.9\swagger-models-jakarta-2.2.9.jar;C:\myrepo\com\fasterxml\jackson\dataformat\jackson-dataformat-yaml\2.17.2\jackson-dataformat-yaml-2.17.2.jar;C:\myrepo\org\webjars\swagger-ui\4.18.2\swagger-ui-4.18.2.jar;C:\myrepo\com\iyzipay\iyzipay-java\2.0.130\iyzipay-java-2.0.130.jar;C:\myrepo\javax\annotation\javax.annotation-api\1.3.2\javax.annotation-api-1.3.2.jar;C:\myrepo\javax\ejb\javax.ejb-api\3.2\javax.ejb-api-3.2.jar;C:\myrepo\javax\transaction\javax.transaction-api\1.2\javax.transaction-api-1.2.jar;C:\myrepo\javax\persistence\javax.persistence-api\2.2\javax.persistence-api-2.2.jar;C:\myrepo\javax\resource\javax.resource-api\1.7.1\javax.resource-api-1.7.1.jar;C:\myrepo\javax\transaction\jta\1.1\jta-1.1.jar;C:\myrepo\javax\jms\javax.jms-api\2.0.1\javax.jms-api-2.0.1.jar;C:\myrepo\com\google\code\gson\gson\2.10.1\gson-2.10.1.jar;C:\myrepo\javax\xml\bind\jaxb-api\2.3.1\jaxb-api-2.3.1.jar;C:\myrepo\javax\activation\javax.activation-api\1.2.0\javax.activation-api-1.2.0.jar;C:\myrepo\org\springframework\boot\spring-boot-starter-security\3.3.5\spring-boot-starter-security-3.3.5.jar;C:\myrepo\org\springframework\boot\spring-boot-starter\3.3.5\spring-boot-starter-3.3.5.jar;C:\myrepo\org\springframework\boot\spring-boot-starter-logging\3.3.5\spring-boot-starter-logging-3.3.5.jar;C:\myrepo\ch\qos\logback\logback-classic\1.5.11\logback-classic-1.5.11.jar;C:\myrepo\ch\qos\logback\logback-core\1.5.11\logback-core-1.5.11.jar;C:\myrepo\org\apache\logging\log4j\log4j-to-slf4j\2.23.1\log4j-to-slf4j-2.23.1.jar;C:\myrepo\org\slf4j\jul-to-slf4j\2.0.16\jul-to-slf4j-2.0.16.jar;C:\myrepo\org\yaml\snakeyaml\2.2\snakeyaml-2.2.jar;C:\myrepo\org\springframework\spring-aop\6.1.14\spring-aop-6.1.14.jar;C:\myrepo\org\springframework\security\spring-security-config\6.3.4\spring-security-config-6.3.4.jar;C:\myrepo\org\springframework\security\spring-security-web\6.3.4\spring-security-web-6.3.4.jar;C:\myrepo\org\springframework\spring-expression\6.1.14\spring-expression-6.1.14.jar;C:\myrepo\org\springframework\boot\spring-boot-starter-validation\3.3.5\spring-boot-starter-validation-3.3.5.jar;C:\myrepo\org\apache\tomcat\embed\tomcat-embed-el\10.1.31\tomcat-embed-el-10.1.31.jar;C:\myrepo\org\hibernate\validator\hibernate-validator\8.0.1.Final\hibernate-validator-8.0.1.Final.jar;C:\myrepo\jakarta\validation\jakarta.validation-api\3.0.2\jakarta.validation-api-3.0.2.jar;C:\myrepo\org\springframework\boot\spring-boot-starter-web\3.3.5\spring-boot-starter-web-3.3.5.jar;C:\myrepo\org\springframework\boot\spring-boot-starter-json\3.3.5\spring-boot-starter-json-3.3.5.jar;C:\myrepo\com\fasterxml\jackson\core\jackson-databind\2.17.2\jackson-databind-2.17.2.jar;C:\myrepo\com\fasterxml\jackson\core\jackson-annotations\2.17.2\jackson-annotations-2.17.2.jar;C:\myrepo\com\fasterxml\jackson\core\jackson-core\2.17.2\jackson-core-2.17.2.jar;C:\myrepo\com\fasterxml\jackson\datatype\jackson-datatype-jdk8\2.17.2\jackson-datatype-jdk8-2.17.2.jar;C:\myrepo\com\fasterxml\jackson\datatype\jackson-datatype-jsr310\2.17.2\jackson-datatype-jsr310-2.17.2.jar;C:\myrepo\com\fasterxml\jackson\module\jackson-module-parameter-names\2.17.2\jackson-module-parameter-names-2.17.2.jar;C:\myrepo\org\springframework\boot\spring-boot-starter-tomcat\3.3.5\spring-boot-starter-tomcat-3.3.5.jar;C:\myrepo\org\apache\tomcat\embed\tomcat-embed-core\10.1.31\tomcat-embed-core-10.1.31.jar;C:\myrepo\org\apache\tomcat\embed\tomcat-embed-websocket\10.1.31\tomcat-embed-websocket-10.1.31.jar;C:\myrepo\org\springframework\spring-web\6.1.14\spring-web-6.1.14.jar;C:\myrepo\io\micrometer\micrometer-observation\1.13.6\micrometer-observation-1.13.6.jar;C:\myrepo\io\micrometer\micrometer-commons\1.13.6\micrometer-commons-1.13.6.jar;C:\myrepo\org\springframework\spring-webmvc\6.1.14\spring-webmvc-6.1.14.jar;C:\myrepo\org\springframework\boot\spring-boot-devtools\3.3.5\spring-boot-devtools-3.3.5.jar;C:\myrepo\org\springframework\boot\spring-boot\3.3.5\spring-boot-3.3.5.jar;C:\myrepo\org\springframework\boot\spring-boot-autoconfigure\3.3.5\spring-boot-autoconfigure-3.3.5.jar;C:\myrepo\io\jsonwebtoken\jjwt-api\0.12.6\jjwt-api-0.12.6.jar;C:\myrepo\io\jsonwebtoken\jjwt-impl\0.12.6\jjwt-impl-0.12.6.jar;C:\myrepo\org\springframework\boot\spring-boot-starter-oauth2-resource-server\3.3.5\spring-boot-starter-oauth2-resource-server-3.3.5.jar;C:\myrepo\org\springframework\security\spring-security-core\6.3.4\spring-security-core-6.3.4.jar;C:\myrepo\org\springframework\security\spring-security-crypto\6.3.4\spring-security-crypto-6.3.4.jar;C:\myrepo\org\springframework\security\spring-security-oauth2-resource-server\6.3.4\spring-security-oauth2-resource-server-6.3.4.jar;C:\myrepo\org\springframework\security\spring-security-oauth2-core\6.3.4\spring-security-oauth2-core-6.3.4.jar;C:\myrepo\org\springframework\security\spring-security-oauth2-jose\6.3.4\spring-security-oauth2-jose-6.3.4.jar;C:\myrepo\com\nimbusds\nimbus-jose-jwt\9.37.3\nimbus-jose-jwt-9.37.3.jar;C:\myrepo\com\github\stephenc\jcip\jcip-annotations\1.0-1\jcip-annotations-1.0-1.jar;C:\myrepo\org\springframework\boot\spring-boot-starter-oauth2-client\3.3.5\spring-boot-starter-oauth2-client-3.3.5.jar;C:\myrepo\org\springframework\security\spring-security-oauth2-client\6.3.4\spring-security-oauth2-client-6.3.4.jar;C:\myrepo\com\nimbusds\oauth2-oidc-sdk\9.43.4\oauth2-oidc-sdk-9.43.4.jar;C:\myrepo\com\nimbusds\content-type\2.2\content-type-2.2.jar;C:\myrepo\com\nimbusds\lang-tag\1.7\lang-tag-1.7.jar;C:\myrepo\org\springframework\boot\spring-boot-starter-mail\3.3.5\spring-boot-starter-mail-3.3.5.jar;C:\myrepo\org\springframework\spring-context-support\6.1.14\spring-context-support-6.1.14.jar;C:\myrepo\org\eclipse\angus\jakarta.mail\2.0.3\jakarta.mail-2.0.3.jar;C:\myrepo\jakarta\activation\jakarta.activation-api\2.1.3\jakarta.activation-api-2.1.3.jar;C:\myrepo\org\eclipse\angus\angus-activation\2.0.2\angus-activation-2.0.2.jar;C:\myrepo\io\jsonwebtoken\jjwt-gson\0.12.6\jjwt-gson-0.12.6.jar;C:\myrepo\org\apache\commons\commons-lang3\3.12.0\commons-lang3-3.12.0.jar;C:\myrepo\org\bouncycastle\bcprov-jdk15on\1.70\bcprov-jdk15on-1.70.jar;C:\myrepo\org\bouncycastle\bcpkix-jdk15on\1.70\bcpkix-jdk15on-1.70.jar;C:\myrepo\org\bouncycastle\bcutil-jdk15on\1.70\bcutil-jdk15on-1.70.jar;C:\myrepo\org\slf4j\slf4j-api\2.0.7\slf4j-api-2.0.7.jar;C:\myrepo\org\apache\logging\log4j\log4j-api\2.20.0\log4j-api-2.20.0.jar;C:\myrepo\org\apache\logging\log4j\log4j-core\2.20.0\log4j-core-2.20.0.jar;C:\myrepo\org\apache\logging\log4j\log4j-slf4j-impl\2.20.0\log4j-slf4j-impl-2.20.0.jar;C:\myrepo\com\mysql\mysql-connector-j\8.3.0\mysql-connector-j-8.3.0.jar;C:\myrepo\org\projectlombok\lombok\1.18.34\lombok-1.18.34.jar;C:\myrepo\jakarta\xml\bind\jakarta.xml.bind-api\4.0.2\jakarta.xml.bind-api-4.0.2.jar;C:\myrepo\net\minidev\json-smart\2.5.1\json-smart-2.5.1.jar;C:\myrepo\net\minidev\accessors-smart\2.5.1\accessors-smart-2.5.1.jar;C:\myrepo\org\ow2\asm\asm\9.6\asm-9.6.jar;C:\myrepo\org\springframework\spring-core\6.1.14\spring-core-6.1.14.jar;C:\myrepo\org\springframework\spring-jcl\6.1.14\spring-jcl-6.1.14.jar;C:\myrepo\org\mapstruct\mapstruct\1.5.3.Final\mapstruct-1.5.3.Final.jar;C:\myrepo\org\mapstruct\mapstruct-processor\1.5.3.Final\mapstruct-processor-1.5.3.Final.jar;C:\myrepo\org\projectlombok\lombok-mapstruct-binding\0.2.0\lombok-mapstruct-binding-0.2.0.jar
Launcher Type: SUN_STANDARD

[Global flags]
     intx CICompilerCount                          = 12                                        {product} {ergonomic}
     uint ConcGCThreads                            = 3                                         {product} {ergonomic}
     bool FlightRecorder                           = true                                      {product} {management}
     uint G1ConcRefinementThreads                  = 13                                        {product} {ergonomic}
   size_t G1HeapRegionSize                         = 2097152                                   {product} {ergonomic}
   size_t InitialHeapSize                          = 264241152                                 {product} {ergonomic}
     bool ManagementServer                         = true                                      {product} {command line}
   size_t MarkStackSize                            = 4194304                                   {product} {ergonomic}
   size_t MarkStackSizeMax                         = 536870912                                 {product} {ergonomic}
   size_t MaxHeapSize                              = 4227858432                                {product} {ergonomic}
   size_t MaxNewSize                               = 2535456768                                {product} {ergonomic}
   size_t MinHeapDeltaBytes                        = 2097152                                   {product} {ergonomic}
   size_t MinHeapSize                              = 8388608                                   {product} {ergonomic}
    uintx NonNMethodCodeHeapSize                   = 4096                                   {pd product} {ergonomic}
    uintx NonProfiledCodeHeapSize                  = 0                                      {pd product} {ergonomic}
     bool ProfileInterpreter                       = false                                  {pd product} {command line}
    uintx ProfiledCodeHeapSize                     = 0                                      {pd product} {ergonomic}
   size_t SoftMaxHeapSize                          = 4227858432                             {manageable} {ergonomic}
     intx TieredStopAtLevel                        = 1                                         {product} {command line}
     bool UseCompressedOops                        = true                           {product lp64_product} {ergonomic}
     bool UseG1GC                                  = true                                      {product} {ergonomic}
     bool UseLargePagesIndividualAllocation        = false                                  {pd product} {ergonomic}

Logging:
Log output configuration:
 #0: stdout all=warning uptime,level,tags foldmultilines=false
 #1: stderr all=off uptime,level,tags foldmultilines=false

Environment Variables:
JAVA_HOME=C:\Program Files\Java\jdk-21
PATH=C:\Program Files\Common Files\Oracle\Java\javapath;C:\WINDOWS\system32;C:\WINDOWS;C:\WINDOWS\System32\Wbem;C:\WINDOWS\System32\WindowsPowerShell\v1.0\;C:\WINDOWS\System32\OpenSSH\;C:\Program Files\Docker\Docker\resources\bin;C:\Program Files\Git\bin;C:\Program Files\Java\jdk-17\bin;C:\Program Files\Java\jdk-21\bin;C:\Users\Sedef haným\AppData\Roaming\Microsoft\Windows\Start Menu\Programs\Python 3.13;C:\Users\Sedef haným\AppData\Local\Programs\Python\Python313\Scripts\;C:\msys64\mingw64\bin;C:\swigwin-4.3.0;C:\openbabel-openbabel-3-1-1;C:\cmake-3.31.3-windows-x86_64\bin;C:\Program Files (x86)\Tesseract-OCR;C:\Program Files\nodejs\;C:\Program Files\nodejs\npm;C:\Program Files\nodejs\npm.cmd;C:\Program Files\OpenBabel-3.1.1;C:\Users\Sedef haným\AppData\Local\Microsoft\WindowsApps;C:\Program Files\JetBrains\IntelliJ IDEA Community Edition 2024.1.4\bin;;C:\Users\Sedef haným\AppData\Local\GitHubDesktop\bin;C:\Program Files\Apache\Maven\bin;C:\Program Files\JetBrains\IntelliJ IDEA 2024.2.3\bin;;C:\Users\Sedef haným\AppData\Local\Programs\Microsoft VS Code\bin;C:\Users\Sedef haným\AppData\Local\Programs\Python\Python313\;C:\Users\Sedef haným\AppData\Local\Programs\Python\Python313\Scripts\;C:\Users\Sedef haným\AppData\Roaming\npm
USERNAME=sedef
OS=Windows_NT
PROCESSOR_IDENTIFIER=Intel64 Family 6 Model 141 Stepping 1, GenuineIntel
TMP=C:\Users\SEDEFH~1\AppData\Local\Temp
TEMP=C:\Users\SEDEFH~1\AppData\Local\Temp




Periodic native trim disabled

---------------  S Y S T E M  ---------------

OS:
 Windows 10 , 64 bit Build 19041 (10.0.19041.5198)
OS uptime: 2 days 20:13 hours
Hyper-V role detected

CPU: total 16 (initial active 16) (8 cores per cpu, 2 threads per core) family 6 model 141 stepping 1 microcode 0x34, cx8, cmov, fxsr, ht, mmx, 3dnowpref, sse, sse2, sse3, ssse3, sse4.1, sse4.2, popcnt, lzcnt, tsc, tscinvbit, avx, avx2, aes, erms, clmul, bmi1, bmi2, adx, avx512f, avx512dq, avx512cd, avx512bw, avx512vl, sha, fma, vzeroupper, avx512_vpopcntdq, avx512_vpclmulqdq, avx512_vaes, avx512_vnni, clflush, clflushopt, clwb, avx512_vbmi2, avx512_vbmi, hv, rdtscp, rdpid, fsrm, gfni, avx512_bitalg, f16c, cet_ibt, cet_ss, avx512_ifma
Processor Information for the first 16 processors :
  Max Mhz: 2304, Current Mhz: 2304, Mhz Limit: 2304

Memory: 4k page, system-wide physical 16124M (3906M free)
TotalPageFile size 19778M (AvailPageFile size 2452M)
current process WorkingSet (physical memory assigned to process): 310M, peak: 311M
current process commit charge ("private bytes"): 398M, peak: 399M

vm_info: OpenJDK 64-Bit Server VM (23+37-2369) for windows-amd64 JRE (23+37-2369), built on 2024-08-20T16:01:23Z with MS VC++ 17.6 (VS2022)

END.
